#
# There is insufficient memory for the Java Runtime Environment to continue.
# Native memory allocation (mmap) failed to map 100663296 bytes for G1 virtual space
# Possible reasons:
#   The system is out of physical RAM or swap space
#   The process is running with CompressedOops enabled, and the Java Heap may be blocking the growth of the native heap
# Possible solutions:
#   Reduce memory load on the system
#   Increase physical memory or swap space
#   Check if swap backing store is full
#   Decrease Java heap size (-Xmx/-Xms)
#   Decrease number of Java threads
#   Decrease Java thread stack sizes (-Xss)
#   Set larger code cache with -XX:ReservedCodeCacheSize=
#   JVM is running with Unscaled Compressed Oops mode in which the Java heap is
#     placed in the first 4GB address space. The Java Heap base address is the
#     maximum limit for the native heap growth. Please use -XX:HeapBaseMinAddress
#     to set the Java Heap base and to place the Java Heap above 4GB virtual address.
# This output file may be truncated or incomplete.
#
#  Out of Memory Error (os_windows.cpp:3530), pid=10124, tid=12808
#
# JRE version:  (18.0.2.1+1) (build )
# Java VM: Java HotSpot(TM) 64-Bit Server VM (18.0.2.1+1-1, mixed mode, sharing, tiered, compressed oops, compressed class ptrs, g1 gc, windows-amd64)
# No core dump will be written. Minidumps are not enabled by default on client versions of Windows
#

---------------  S U M M A R Y ------------

Command Line: -Dfile.encoding=UTF-8 -Dstdout.encoding=UTF-8 -Dstderr.encoding=UTF-8 -XX:+ShowCodeDetailsInExceptionMessages ui.Intro_UI

Host: Intel(R) Core(TM) i5-2540M CPU @ 2.60GHz, 4 cores, 5G,  Windows 10 , 64 bit Build 19041 (10.0.19041.3636)
Time: Tue Mar 12 17:58:24 2024 SE Asia Standard Time elapsed time: 0.020379 seconds (0d 0h 0m 0s)

---------------  T H R E A D  ---------------

Current thread (0x000001e090104070):  JavaThread "Unknown thread" [_thread_in_vm, id=12808, stack(0x0000000159400000,0x0000000159500000)]

Stack: [0x0000000159400000,0x0000000159500000]
Native frames: (J=compiled Java code, j=interpreted, Vv=VM code, C=native code)
V  [jvm.dll+0x6993aa]
V  [jvm.dll+0x7f46dd]
V  [jvm.dll+0x7f5fee]
V  [jvm.dll+0x7f66a3]
V  [jvm.dll+0x25cf1f]
V  [jvm.dll+0x6962f9]
V  [jvm.dll+0x68ae2a]
V  [jvm.dll+0x32255b]
V  [jvm.dll+0x329f36]
V  [jvm.dll+0x37eade]
V  [jvm.dll+0x37ed0f]
V  [jvm.dll+0x2fa2da]
V  [jvm.dll+0x2fb33d]
V  [jvm.dll+0x7c3310]
V  [jvm.dll+0x38be61]
V  [jvm.dll+0x7a2023]
V  [jvm.dll+0x40dc3f]
V  [jvm.dll+0x40f611]
C  [jli.dll+0x526b]
C  [ucrtbase.dll+0x21bb2]
C  [KERNEL32.DLL+0x17344]
C  [ntdll.dll+0x526b1]


---------------  P R O C E S S  ---------------

Threads class SMR info:
_java_thread_list=0x00007ffa8791e550, length=0, elements={
}

Java Threads: ( => current thread )

Other Threads:
  0x000001e0901540f0 WorkerThread "GC Thread#0" [stack: 0x0000000159500000,0x0000000159600000] [id=23928]
  0x000001e090163370 ConcurrentGCThread "G1 Main Marker" [stack: 0x0000000159600000,0x0000000159700000] [id=24020]
  0x000001e090164c80 WorkerThread "G1 Conc#0" [stack: 0x0000000159700000,0x0000000159800000] [id=24024]

[error occurred during error reporting (printing all threads), id 0xc0000005, EXCEPTION_ACCESS_VIOLATION (0xc0000005) at pc=0x00007ffa8714a877]

VM state: not at safepoint (not fully initialized)

VM Mutex/Monitor currently owned by a thread:  ([mutex/lock_event])
[0x000001e090101b70] Heap_lock - owner thread: 0x000001e090104070

Heap address: 0x00000000a1c00000, size: 1508 MB, Compressed Oops mode: 32-bit

CDS archive(s) mapped at: [0x0000000000000000-0x0000000000000000-0x0000000000000000), size 0, SharedBaseAddress: 0x0000000800000000, ArchiveRelocationMode: 0.
Narrow klass base: 0x0000000000000000, Narrow klass shift: 0, Narrow klass range: 0x0

GC Precious Log:
 CardTable entry size: 512
 Card Set container configuration: InlinePtr #cards 5 size 8 Array Of Cards #cards 12 size 40 Howl #buckets 4 coarsen threshold 1843 Howl Bitmap #cards 512 size 80 coarsen threshold 460 Card regions per heap region 1 cards per card region 2048

Heap:
 garbage-first heap   total 0K, used 0K [0x00000000a1c00000, 0x0000000100000000)
  region size 1024K, 0 young (0K), 0 survivors (0K)

[error occurred during error reporting (printing heap information), id 0xc0000005, EXCEPTION_ACCESS_VIOLATION (0xc0000005) at pc=0x00007ffa87531839]

GC Heap History (0 events):
No events

Deoptimization events (0 events):
No events

Classes loaded (0 events):
No events

Classes unloaded (0 events):
No events

Classes redefined (0 events):
No events

Internal exceptions (0 events):
No events

VM Operations (0 events):
No events

Events (1 events):
Event: 0.010 Loaded shared library C:\Program Files\Java\jdk-18.0.2.1\bin\java.dll


Dynamic libraries:
0x00007ff6a2560000 - 0x00007ff6a2570000 	C:\Program Files\Java\jdk-18.0.2.1\bin\javaw.exe
0x00007ffac9730000 - 0x00007ffac9928000 	C:\Windows\SYSTEM32\ntdll.dll
0x00007ffac8670000 - 0x00007ffac872d000 	C:\Windows\System32\KERNEL32.DLL
0x00007ffac6df0000 - 0x00007ffac70e6000 	C:\Windows\System32\KERNELBASE.dll
0x00007ffac7590000 - 0x00007ffac7690000 	C:\Windows\System32\ucrtbase.dll
0x00007ffac25a0000 - 0x00007ffac25ba000 	C:\Program Files\Java\jdk-18.0.2.1\bin\VCRUNTIME140.dll
0x00007ffac24e0000 - 0x00007ffac24f8000 	C:\Program Files\Java\jdk-18.0.2.1\bin\jli.dll
0x00007ffac87a0000 - 0x00007ffac8853000 	C:\Windows\System32\ADVAPI32.dll
0x00007ffac94a0000 - 0x00007ffac953e000 	C:\Windows\System32\msvcrt.dll
0x00007ffac9400000 - 0x00007ffac949f000 	C:\Windows\System32\sechost.dll
0x00007ffac7d90000 - 0x00007ffac7eb6000 	C:\Windows\System32\RPCRT4.dll
0x00007ffac71b0000 - 0x00007ffac71d7000 	C:\Windows\System32\bcrypt.dll
0x00007ffac9240000 - 0x00007ffac93de000 	C:\Windows\System32\USER32.dll
0x00007ffac7690000 - 0x00007ffac76b2000 	C:\Windows\System32\win32u.dll
0x00007ffab7910000 - 0x00007ffab7baa000 	C:\Windows\WinSxS\amd64_microsoft.windows.common-controls_6595b64144ccf1df_6.0.19041.3636_none_60b6a03d71f818d5\COMCTL32.dll
0x00007ffac7d60000 - 0x00007ffac7d8b000 	C:\Windows\System32\GDI32.dll
0x00007ffac7470000 - 0x00007ffac7587000 	C:\Windows\System32\gdi32full.dll
0x00007ffac73d0000 - 0x00007ffac746d000 	C:\Windows\System32\msvcp_win.dll
0x00007ffab63a0000 - 0x00007ffab63aa000 	C:\Windows\SYSTEM32\VERSION.dll
0x00007ffac7920000 - 0x00007ffac7952000 	C:\Windows\System32\IMM32.DLL
0x00007ffac2590000 - 0x00007ffac259c000 	C:\Program Files\Java\jdk-18.0.2.1\bin\vcruntime140_1.dll
0x00007ffabfaf0000 - 0x00007ffabfb7d000 	C:\Program Files\Java\jdk-18.0.2.1\bin\msvcp140.dll
0x00007ffa86e40000 - 0x00007ffa87a51000 	C:\Program Files\Java\jdk-18.0.2.1\bin\server\jvm.dll
0x00007ffac8bc0000 - 0x00007ffac8bc8000 	C:\Windows\System32\PSAPI.DLL
0x00007ffab68a0000 - 0x00007ffab68c7000 	C:\Windows\SYSTEM32\WINMM.dll
0x00007ffac2520000 - 0x00007ffac2529000 	C:\Windows\SYSTEM32\WSOCK32.dll
0x00007ffac8730000 - 0x00007ffac879b000 	C:\Windows\System32\ws2_32.DLL
0x00007ffac5680000 - 0x00007ffac5692000 	C:\Windows\SYSTEM32\kernel.appcore.dll
0x00007ffac1660000 - 0x00007ffac166a000 	C:\Program Files\Java\jdk-18.0.2.1\bin\jimage.dll
0x00007ffac5350000 - 0x00007ffac5534000 	C:\Windows\SYSTEM32\DBGHELP.DLL
0x00007ffab6420000 - 0x00007ffab6454000 	C:\Windows\SYSTEM32\dbgcore.DLL
0x00007ffac71e0000 - 0x00007ffac7262000 	C:\Windows\System32\bcryptPrimitives.dll
0x00007ffac0a40000 - 0x00007ffac0a65000 	C:\Program Files\Java\jdk-18.0.2.1\bin\java.dll

dbghelp: loaded successfully - version: 4.0.5 - missing functions: none
symbol engine: initialized successfully - sym options: 0x614 - pdb path: .;C:\Program Files\Java\jdk-18.0.2.1\bin;C:\Windows\SYSTEM32;C:\Windows\WinSxS\amd64_microsoft.windows.common-controls_6595b64144ccf1df_6.0.19041.3636_none_60b6a03d71f818d5;C:\Program Files\Java\jdk-18.0.2.1\bin\server

VM Arguments:
jvm_args: -Dfile.encoding=UTF-8 -Dstdout.encoding=UTF-8 -Dstderr.encoding=UTF-8 -XX:+ShowCodeDetailsInExceptionMessages 
java_command: ui.Intro_UI
java_class_path (initial): D:\JAVA\VPTCoffe_Nhom08\SoureCode\VPTCoffe_Nhom08\bin;D:\JAVA\VPTCoffe_Nhom08\SoureCode\VPTCoffe_Nhom08\src\lib\sqljdbc42.jar
Launcher Type: SUN_STANDARD

[Global flags]
     intx CICompilerCount                          = 3                                         {product} {ergonomic}
     uint ConcGCThreads                            = 1                                         {product} {ergonomic}
     uint G1ConcRefinementThreads                  = 4                                         {product} {ergonomic}
   size_t G1HeapRegionSize                         = 1048576                                   {product} {ergonomic}
    uintx GCDrainStackTargetSize                   = 64                                        {product} {ergonomic}
   size_t InitialHeapSize                          = 100663296                                 {product} {ergonomic}
   size_t MarkStackSize                            = 4194304                                   {product} {ergonomic}
   size_t MaxHeapSize                              = 1581252608                                {product} {ergonomic}
   size_t MinHeapDeltaBytes                        = 1048576                                   {product} {ergonomic}
   size_t MinHeapSize                              = 8388608                                   {product} {ergonomic}
    uintx NonNMethodCodeHeapSize                   = 5832780                                {pd product} {ergonomic}
    uintx NonProfiledCodeHeapSize                  = 122912730                              {pd product} {ergonomic}
    uintx ProfiledCodeHeapSize                     = 122912730                              {pd product} {ergonomic}
    uintx ReservedCodeCacheSize                    = 251658240                              {pd product} {ergonomic}
     bool SegmentedCodeCache                       = true                                      {product} {ergonomic}
     bool ShowCodeDetailsInExceptionMessages       = true                                   {manageable} {command line}
   size_t SoftMaxHeapSize                          = 1581252608                             {manageable} {ergonomic}
     bool UseCompressedClassPointers               = true                           {product lp64_product} {ergonomic}
     bool UseCompressedOops                        = true                           {product lp64_product} {ergonomic}
     bool UseG1GC                                  = true                                      {product} {ergonomic}
     bool UseLargePagesIndividualAllocation        = false                                  {pd product} {ergonomic}

Logging:
Log output configuration:
 #0: stdout all=warning uptime,level,tags foldmultilines=false
 #1: stderr all=off uptime,level,tags foldmultilines=false

Environment Variables:
PATH=C:\Program Files\Common Files\Oracle\Java\javapath;C:\Windows\system32;C:\Windows;C:\Windows\System32\Wbem;C:\Windows\System32\WindowsPowerShell\v1.0\;C:\Windows\System32\OpenSSH\;C:\Program Files\Git\cmd;C:\Program Files\Microsoft SQL Server\Client SDK\ODBC\170\Tools\Binn\;C:\Program Files (x86)\Microsoft SQL Server\150\Tools\Binn\;C:\Program Files\Microsoft SQL Server\150\Tools\Binn\;C:\Program Files\Microsoft SQL Server\150\DTS\Binn\;C:\Program Files\Azure Data Studio\bin;C:\Program Files (x86)\Microsoft SQL Server\160\DTS\Binn\;C:\Program Files\nodejs\;C:\Program Files\MongoDB\Server\7.0\bin;C:\Users\Administrator\AppData\Local\Programs\Python\Python310\Scripts\;C:\Users\Administrator\AppData\Local\Programs\Python\Python310\;C:\Users\Administrator\AppData\Local\Microsoft\WindowsApps;;C:\Users\Administrator\AppData\Local\Programs\Microsoft VS Code\bin;C:\Program Files\Azure Data Studio\bin;C:\Users\Administrator\AppData\Roaming\npm
USERNAME=Administrator
OS=Windows_NT
PROCESSOR_IDENTIFIER=Intel64 Family 6 Model 42 Stepping 7, GenuineIntel



---------------  S Y S T E M  ---------------

OS:
 Windows 10 , 64 bit Build 19041 (10.0.19041.3636)
OS uptime: 2 days 20:56 hours

CPU: total 4 (initial active 4) (2 cores per cpu, 2 threads per core) family 6 model 42 stepping 7 microcode 0x2f, cx8, cmov, fxsr, ht, mmx, sse, sse2, sse3, ssse3, sse4.1, sse4.2, popcnt, tsc, tscinvbit, avx, aes, clmul, vzeroupper, clflush

Memory: 4k page, system-wide physical 6027M (278M free)
TotalPageFile size 26507M (AvailPageFile size 10M)
current process WorkingSet (physical memory assigned to process): 10M, peak: 10M
current process commit charge ("private bytes"): 51M, peak: 147M

vm_info: Java HotSpot(TM) 64-Bit Server VM (18.0.2.1+1-1) for windows-amd64 JRE (18.0.2.1+1-1), built on Aug 16 2022 01:46:33 by "mach5one" with MS VC++ 16.8 / 16.9 (VS2019)

END.
