#
# There is insufficient memory for the Java Runtime Environment to continue.
# Native memory allocation (mmap) failed to map 65536 bytes for Failed to commit metaspace.
# Possible reasons:
#   The system is out of physical RAM or swap space
#   The process is running with CompressedOops enabled, and the Java Heap may be blocking the growth of the native heap
# Possible solutions:
#   Reduce memory load on the system
#   Increase physical memory or swap space
#   Check if swap backing store is full
#   Decrease Java heap size (-Xmx/-Xms)
#   Decrease number of Java threads
#   Decrease Java thread stack sizes (-Xss)
#   Set larger code cache with -XX:ReservedCodeCacheSize=
#   JVM is running with Unscaled Compressed Oops mode in which the Java heap is
#     placed in the first 4GB address space. The Java Heap base address is the
#     maximum limit for the native heap growth. Please use -XX:HeapBaseMinAddress
#     to set the Java Heap base and to place the Java Heap above 4GB virtual address.
# This output file may be truncated or incomplete.
#
#  Out of Memory Error (virtualSpaceNode.cpp:110), pid=23364, tid=18800
#
# JRE version: Java(TM) SE Runtime Environment (18.0.2.1+1) (build 18.0.2.1+1-1)
# Java VM: Java HotSpot(TM) 64-Bit Server VM (18.0.2.1+1-1, mixed mode, sharing, tiered, compressed oops, compressed class ptrs, g1 gc, windows-amd64)
# No core dump will be written. Minidumps are not enabled by default on client versions of Windows
#

---------------  S U M M A R Y ------------

Command Line: -Dfile.encoding=UTF-8 -Dstdout.encoding=UTF-8 -Dstderr.encoding=UTF-8 -XX:+ShowCodeDetailsInExceptionMessages ui.Intro_UI

Host: Intel(R) Core(TM) i5-2540M CPU @ 2.60GHz, 4 cores, 5G,  Windows 10 , 64 bit Build 19041 (10.0.19041.3636)
Time: Tue Mar 12 17:57:33 2024 SE Asia Standard Time elapsed time: 0.505387 seconds (0d 0h 0m 0s)

---------------  T H R E A D  ---------------

Current thread (0x000001a344cce310):  JavaThread "AWT-EventQueue-0" [_thread_in_vm, id=18800, stack(0x0000000daf100000,0x0000000daf200000)]

Stack: [0x0000000daf100000,0x0000000daf200000]
Native frames: (J=compiled Java code, j=interpreted, Vv=VM code, C=native code)
V  [jvm.dll+0x6993aa]
V  [jvm.dll+0x7f46dd]
V  [jvm.dll+0x7f5fee]
V  [jvm.dll+0x7f66a3]
V  [jvm.dll+0x25cf1f]
V  [jvm.dll+0x7f03eb]
V  [jvm.dll+0x63f526]
V  [jvm.dll+0x63f58a]
V  [jvm.dll+0x641e0e]
V  [jvm.dll+0x641cce]
V  [jvm.dll+0x63feee]
V  [jvm.dll+0x25a93c]
V  [jvm.dll+0x6ee6dd]
V  [jvm.dll+0x6ef10f]
V  [jvm.dll+0x392a99]
V  [jvm.dll+0x391c04]
V  [jvm.dll+0x391ba8]
V  [jvm.dll+0x42cc7e]
V  [jvm.dll+0x40b06e]
C  [fontmanager.dll+0x6b288]

Java frames: (J=compiled Java code, j=interpreted, Vv=VM code)
j  sun.font.SunFontManager.initIDs()V+0 java.desktop@18.0.2.1
j  sun.font.SunFontManager$1.run()Ljava/lang/Void;+3 java.desktop@18.0.2.1
j  sun.font.SunFontManager$1.run()Ljava/lang/Object;+1 java.desktop@18.0.2.1
J 496 c1 java.security.AccessController.executePrivileged(Ljava/security/PrivilegedAction;Ljava/security/AccessControlContext;Ljava/lang/Class;)Ljava/lang/Object; java.base@18.0.2.1 (65 bytes) @ 0x000001a32c31f53c [0x000001a32c31f3e0+0x000000000000015c]
j  java.security.AccessController.doPrivileged(Ljava/security/PrivilegedAction;)Ljava/lang/Object;+5 java.base@18.0.2.1
j  sun.font.SunFontManager.initStatic()V+7 java.desktop@18.0.2.1
j  sun.font.SunFontManager.<clinit>()V+47 java.desktop@18.0.2.1
v  ~StubRoutines::call_stub
j  sun.awt.PlatformFont.<init>(Ljava/lang/String;I)V+4 java.desktop@18.0.2.1
j  sun.awt.windows.WFontPeer.<init>(Ljava/lang/String;I)V+3 java.desktop@18.0.2.1
j  sun.awt.windows.WToolkit.getFontPeer(Ljava/lang/String;I)Ljava/awt/peer/FontPeer;+48 java.desktop@18.0.2.1
j  java.awt.Font.getFontPeer()Ljava/awt/peer/FontPeer;+31 java.desktop@18.0.2.1
v  ~StubRoutines::call_stub
j  sun.awt.windows.WComponentPeer._setFont(Ljava/awt/Font;)V+0 java.desktop@18.0.2.1
j  sun.awt.windows.WComponentPeer.setFont(Ljava/awt/Font;)V+7 java.desktop@18.0.2.1
j  sun.awt.windows.WWindowPeer.initialize()V+42 java.desktop@18.0.2.1
j  sun.awt.windows.WFramePeer.initialize()V+1 java.desktop@18.0.2.1
j  sun.awt.windows.WComponentPeer.<init>(Ljava/awt/Component;)V+83 java.desktop@18.0.2.1
j  sun.awt.windows.WCanvasPeer.<init>(Ljava/awt/Component;)V+2 java.desktop@18.0.2.1
j  sun.awt.windows.WPanelPeer.<init>(Ljava/awt/Component;)V+2 java.desktop@18.0.2.1
j  sun.awt.windows.WWindowPeer.<init>(Ljava/awt/Window;)V+2 java.desktop@18.0.2.1
j  sun.awt.windows.WFramePeer.<init>(Ljava/awt/Frame;)V+2 java.desktop@18.0.2.1
j  sun.awt.windows.WToolkit.createFrame(Ljava/awt/Frame;)Ljava/awt/peer/FramePeer;+5 java.desktop@18.0.2.1
j  java.awt.Frame.addNotify()V+20 java.desktop@18.0.2.1
j  java.awt.Window.show()V+8 java.desktop@18.0.2.1
j  java.awt.Component.show(Z)V+5 java.desktop@18.0.2.1
j  java.awt.Component.setVisible(Z)V+2 java.desktop@18.0.2.1
j  java.awt.Window.setVisible(Z)V+2 java.desktop@18.0.2.1
j  ui.Intro_UI.<init>()V+300
j  ui.Intro_UI.lambda$0()V+3
j  ui.Intro_UI$$Lambda$7+0x0000000800c03118.run()V+0
j  java.awt.event.InvocationEvent.dispatch()V+47 java.desktop@18.0.2.1
j  java.awt.EventQueue.dispatchEventImpl(Ljava/awt/AWTEvent;Ljava/lang/Object;)V+21 java.desktop@18.0.2.1
j  java.awt.EventQueue$4.run()Ljava/lang/Void;+32 java.desktop@18.0.2.1
j  java.awt.EventQueue$4.run()Ljava/lang/Object;+1 java.desktop@18.0.2.1
j  java.security.AccessController.executePrivileged(Ljava/security/PrivilegedAction;Ljava/security/AccessControlContext;Ljava/lang/Class;)Ljava/lang/Object;+29 java.base@18.0.2.1
j  java.security.AccessController.doPrivileged(Ljava/security/PrivilegedAction;Ljava/security/AccessControlContext;)Ljava/lang/Object;+13 java.base@18.0.2.1
j  java.security.ProtectionDomain$JavaSecurityAccessImpl.doIntersectionPrivilege(Ljava/security/PrivilegedAction;Ljava/security/AccessControlContext;Ljava/security/AccessControlContext;)Ljava/lang/Object;+18 java.base@18.0.2.1
j  java.awt.EventQueue.dispatchEvent(Ljava/awt/AWTEvent;)V+46 java.desktop@18.0.2.1
j  java.awt.EventDispatchThread.pumpOneEventForFilters(I)V+78 java.desktop@18.0.2.1
j  java.awt.EventDispatchThread.pumpEventsForFilter(ILjava/awt/Conditional;Ljava/awt/EventFilter;)V+35 java.desktop@18.0.2.1
j  java.awt.EventDispatchThread.pumpEventsForHierarchy(ILjava/awt/Conditional;Ljava/awt/Component;)V+11 java.desktop@18.0.2.1
j  java.awt.EventDispatchThread.pumpEvents(ILjava/awt/Conditional;)V+4 java.desktop@18.0.2.1
j  java.awt.EventDispatchThread.pumpEvents(Ljava/awt/Conditional;)V+3 java.desktop@18.0.2.1
j  java.awt.EventDispatchThread.run()V+9 java.desktop@18.0.2.1
v  ~StubRoutines::call_stub

---------------  P R O C E S S  ---------------

Threads class SMR info:
_java_thread_list=0x000001a344efaeb0, length=19, elements={
0x000001a324445090, 0x000001a324445950, 0x000001a34093f990, 0x000001a340940e60,
0x000001a340941320, 0x000001a340947270, 0x000001a340951600, 0x000001a340951b00,
0x000001a34095c610, 0x000001a344c6bc20, 0x000001a344c6e510, 0x000001a344ccb1c0,
0x000001a344e77010, 0x000001a344e774d0, 0x000001a344cce310, 0x000001a3243849d0,
0x000001a344ed3da0, 0x000001a344ff66e0, 0x000001a344ff7450
}

Java Threads: ( => current thread )
  0x000001a324445090 JavaThread "Reference Handler" daemon [_thread_blocked, id=21844, stack(0x0000000dae200000,0x0000000dae300000)]
  0x000001a324445950 JavaThread "Finalizer" daemon [_thread_blocked, id=23528, stack(0x0000000dae300000,0x0000000dae400000)]
  0x000001a34093f990 JavaThread "Signal Dispatcher" daemon [_thread_blocked, id=23520, stack(0x0000000dae400000,0x0000000dae500000)]
  0x000001a340940e60 JavaThread "Attach Listener" daemon [_thread_blocked, id=23524, stack(0x0000000dae500000,0x0000000dae600000)]
  0x000001a340941320 JavaThread "Service Thread" daemon [_thread_blocked, id=23516, stack(0x0000000dae600000,0x0000000dae700000)]
  0x000001a340947270 JavaThread "Monitor Deflation Thread" daemon [_thread_blocked, id=23488, stack(0x0000000dae700000,0x0000000dae800000)]
  0x000001a340951600 JavaThread "C2 CompilerThread0" daemon [_thread_blocked, id=23484, stack(0x0000000dae800000,0x0000000dae900000)]
  0x000001a340951b00 JavaThread "C1 CompilerThread0" daemon [_thread_blocked, id=23216, stack(0x0000000dae900000,0x0000000daea00000)]
  0x000001a34095c610 JavaThread "Sweeper thread" daemon [_thread_blocked, id=23332, stack(0x0000000daea00000,0x0000000daeb00000)]
  0x000001a344c6bc20 JavaThread "Notification Thread" daemon [_thread_blocked, id=23312, stack(0x0000000daeb00000,0x0000000daec00000)]
  0x000001a344c6e510 JavaThread "Common-Cleaner" daemon [_thread_blocked, id=23116, stack(0x0000000daed00000,0x0000000daee00000)]
  0x000001a344ccb1c0 JavaThread "Java2D Disposer" daemon [_thread_blocked, id=22920, stack(0x0000000daee00000,0x0000000daef00000)]
  0x000001a344e77010 JavaThread "AWT-Shutdown" [_thread_blocked, id=9844, stack(0x0000000daef00000,0x0000000daf000000)]
  0x000001a344e774d0 JavaThread "AWT-Windows" daemon [_thread_in_native, id=22964, stack(0x0000000daf000000,0x0000000daf100000)]
=>0x000001a344cce310 JavaThread "AWT-EventQueue-0" [_thread_in_vm, id=18800, stack(0x0000000daf100000,0x0000000daf200000)]
  0x000001a3243849d0 JavaThread "DestroyJavaVM" [_thread_blocked, id=23288, stack(0x0000000dadb00000,0x0000000dadc00000)]
  0x000001a344ed3da0 JavaThread "Image Fetcher 0" daemon [_thread_blocked, id=13668, stack(0x0000000daf200000,0x0000000daf300000)]
  0x000001a344ff66e0 JavaThread "Image Fetcher 1" daemon [_thread_blocked, id=20444, stack(0x0000000daf300000,0x0000000daf400000)]
  0x000001a344ff7450 JavaThread "TimerQueue" daemon [_thread_blocked, id=23584, stack(0x0000000daf400000,0x0000000daf500000)]

Other Threads:
  0x000001a3243f06e0 VMThread "VM Thread" [stack: 0x0000000dae100000,0x0000000dae200000] [id=23272]
  0x000001a344c6e0f0 WatcherThread "VM Periodic Task Thread" [stack: 0x0000000daec00000,0x0000000daed00000] [id=23372]
  0x000001a3243d3a00 WorkerThread "GC Thread#0" [stack: 0x0000000dadc00000,0x0000000dadd00000] [id=21800]
  0x000001a3243e24e0 ConcurrentGCThread "G1 Main Marker" [stack: 0x0000000dadd00000,0x0000000dade00000] [id=22188]
  0x000001a3243e55a0 WorkerThread "G1 Conc#0" [stack: 0x0000000dade00000,0x0000000dadf00000] [id=23400]
  0x000001a32441eb20 ConcurrentGCThread "G1 Refine#0" [stack: 0x0000000dadf00000,0x0000000dae000000] [id=17684]
  0x000001a32441ef50 ConcurrentGCThread "G1 Service" [stack: 0x0000000dae000000,0x0000000dae100000] [id=23228]

Threads with active compile tasks:

VM state: not at safepoint (normal execution)

VM Mutex/Monitor currently owned by a thread:  ([mutex/lock_event])
[0x000001a32211d880] Metaspace_lock - owner thread: 0x000001a344cce310

Heap address: 0x00000000a1c00000, size: 1508 MB, Compressed Oops mode: 32-bit

CDS archive(s) mapped at: [0x0000000800000000-0x0000000800ba0000-0x0000000800ba0000), size 12189696, SharedBaseAddress: 0x0000000800000000, ArchiveRelocationMode: 0.
Compressed class space mapped at: 0x0000000800c00000-0x0000000840c00000, reserved size: 1073741824
Narrow klass base: 0x0000000800000000, Narrow klass shift: 0, Narrow klass range: 0x100000000

GC Precious Log:
 CardTable entry size: 512
 Card Set container configuration: InlinePtr #cards 5 size 8 Array Of Cards #cards 12 size 40 Howl #buckets 4 coarsen threshold 1843 Howl Bitmap #cards 512 size 80 coarsen threshold 460 Card regions per heap region 1 cards per card region 2048
 CPUs: 4 total, 4 available
 Memory: 6027M
 Large Page Support: Disabled
 NUMA Support: Disabled
 Compressed Oops: Enabled (32-bit)
 Heap Region Size: 1M
 Heap Min Capacity: 8M
 Heap Initial Capacity: 96M
 Heap Max Capacity: 1508M
 Pre-touch: Disabled
 Parallel Workers: 4
 Concurrent Workers: 1
 Concurrent Refinement Workers: 4
 Periodic GC: Disabled

Heap:
 garbage-first heap   total 98304K, used 8192K [0x00000000a1c00000, 0x0000000100000000)
  region size 1024K, 7 young (7168K), 0 survivors (0K)
 Metaspace       used 5238K, committed 5376K, reserved 1114112K
  class space    used 551K, committed 640K, reserved 1048576K

Heap Regions: E=young(eden), S=young(survivor), O=old, HS=humongous(starts), HC=humongous(continues), CS=collection set, F=free, OA=open archive, CA=closed archive, TAMS=top-at-mark-start (previous, next)
|   0|0x00000000a1c00000, 0x00000000a1d00000, 0x00000000a1d00000|100%|HS|  |TAMS 0x00000000a1c00000, 0x00000000a1c00000| Complete 
|   1|0x00000000a1d00000, 0x00000000a1e00000, 0x00000000a1e00000|100%|HS|  |TAMS 0x00000000a1d00000, 0x00000000a1d00000| Complete 
|   2|0x00000000a1e00000, 0x00000000a1e00000, 0x00000000a1f00000|  0%| F|  |TAMS 0x00000000a1e00000, 0x00000000a1e00000| Untracked 
|   3|0x00000000a1f00000, 0x00000000a1f00000, 0x00000000a2000000|  0%| F|  |TAMS 0x00000000a1f00000, 0x00000000a1f00000| Untracked 
|   4|0x00000000a2000000, 0x00000000a2000000, 0x00000000a2100000|  0%| F|  |TAMS 0x00000000a2000000, 0x00000000a2000000| Untracked 
|   5|0x00000000a2100000, 0x00000000a2100000, 0x00000000a2200000|  0%| F|  |TAMS 0x00000000a2100000, 0x00000000a2100000| Untracked 
|   6|0x00000000a2200000, 0x00000000a2200000, 0x00000000a2300000|  0%| F|  |TAMS 0x00000000a2200000, 0x00000000a2200000| Untracked 
|   7|0x00000000a2300000, 0x00000000a2300000, 0x00000000a2400000|  0%| F|  |TAMS 0x00000000a2300000, 0x00000000a2300000| Untracked 
|   8|0x00000000a2400000, 0x00000000a2400000, 0x00000000a2500000|  0%| F|  |TAMS 0x00000000a2400000, 0x00000000a2400000| Untracked 
|   9|0x00000000a2500000, 0x00000000a2500000, 0x00000000a2600000|  0%| F|  |TAMS 0x00000000a2500000, 0x00000000a2500000| Untracked 
|  10|0x00000000a2600000, 0x00000000a2600000, 0x00000000a2700000|  0%| F|  |TAMS 0x00000000a2600000, 0x00000000a2600000| Untracked 
|  11|0x00000000a2700000, 0x00000000a2700000, 0x00000000a2800000|  0%| F|  |TAMS 0x00000000a2700000, 0x00000000a2700000| Untracked 
|  12|0x00000000a2800000, 0x00000000a2800000, 0x00000000a2900000|  0%| F|  |TAMS 0x00000000a2800000, 0x00000000a2800000| Untracked 
|  13|0x00000000a2900000, 0x00000000a2900000, 0x00000000a2a00000|  0%| F|  |TAMS 0x00000000a2900000, 0x00000000a2900000| Untracked 
|  14|0x00000000a2a00000, 0x00000000a2a00000, 0x00000000a2b00000|  0%| F|  |TAMS 0x00000000a2a00000, 0x00000000a2a00000| Untracked 
|  15|0x00000000a2b00000, 0x00000000a2b00000, 0x00000000a2c00000|  0%| F|  |TAMS 0x00000000a2b00000, 0x00000000a2b00000| Untracked 
|  16|0x00000000a2c00000, 0x00000000a2c00000, 0x00000000a2d00000|  0%| F|  |TAMS 0x00000000a2c00000, 0x00000000a2c00000| Untracked 
|  17|0x00000000a2d00000, 0x00000000a2d00000, 0x00000000a2e00000|  0%| F|  |TAMS 0x00000000a2d00000, 0x00000000a2d00000| Untracked 
|  18|0x00000000a2e00000, 0x00000000a2e00000, 0x00000000a2f00000|  0%| F|  |TAMS 0x00000000a2e00000, 0x00000000a2e00000| Untracked 
|  19|0x00000000a2f00000, 0x00000000a2f00000, 0x00000000a3000000|  0%| F|  |TAMS 0x00000000a2f00000, 0x00000000a2f00000| Untracked 
|  20|0x00000000a3000000, 0x00000000a3000000, 0x00000000a3100000|  0%| F|  |TAMS 0x00000000a3000000, 0x00000000a3000000| Untracked 
|  21|0x00000000a3100000, 0x00000000a3100000, 0x00000000a3200000|  0%| F|  |TAMS 0x00000000a3100000, 0x00000000a3100000| Untracked 
|  22|0x00000000a3200000, 0x00000000a3200000, 0x00000000a3300000|  0%| F|  |TAMS 0x00000000a3200000, 0x00000000a3200000| Untracked 
|  23|0x00000000a3300000, 0x00000000a3300000, 0x00000000a3400000|  0%| F|  |TAMS 0x00000000a3300000, 0x00000000a3300000| Untracked 
|  24|0x00000000a3400000, 0x00000000a3400000, 0x00000000a3500000|  0%| F|  |TAMS 0x00000000a3400000, 0x00000000a3400000| Untracked 
|  25|0x00000000a3500000, 0x00000000a3500000, 0x00000000a3600000|  0%| F|  |TAMS 0x00000000a3500000, 0x00000000a3500000| Untracked 
|  26|0x00000000a3600000, 0x00000000a3600000, 0x00000000a3700000|  0%| F|  |TAMS 0x00000000a3600000, 0x00000000a3600000| Untracked 
|  27|0x00000000a3700000, 0x00000000a3700000, 0x00000000a3800000|  0%| F|  |TAMS 0x00000000a3700000, 0x00000000a3700000| Untracked 
|  28|0x00000000a3800000, 0x00000000a3800000, 0x00000000a3900000|  0%| F|  |TAMS 0x00000000a3800000, 0x00000000a3800000| Untracked 
|  29|0x00000000a3900000, 0x00000000a3900000, 0x00000000a3a00000|  0%| F|  |TAMS 0x00000000a3900000, 0x00000000a3900000| Untracked 
|  30|0x00000000a3a00000, 0x00000000a3a00000, 0x00000000a3b00000|  0%| F|  |TAMS 0x00000000a3a00000, 0x00000000a3a00000| Untracked 
|  31|0x00000000a3b00000, 0x00000000a3b00000, 0x00000000a3c00000|  0%| F|  |TAMS 0x00000000a3b00000, 0x00000000a3b00000| Untracked 
|  32|0x00000000a3c00000, 0x00000000a3c00000, 0x00000000a3d00000|  0%| F|  |TAMS 0x00000000a3c00000, 0x00000000a3c00000| Untracked 
|  33|0x00000000a3d00000, 0x00000000a3d00000, 0x00000000a3e00000|  0%| F|  |TAMS 0x00000000a3d00000, 0x00000000a3d00000| Untracked 
|  34|0x00000000a3e00000, 0x00000000a3e00000, 0x00000000a3f00000|  0%| F|  |TAMS 0x00000000a3e00000, 0x00000000a3e00000| Untracked 
|  35|0x00000000a3f00000, 0x00000000a3f00000, 0x00000000a4000000|  0%| F|  |TAMS 0x00000000a3f00000, 0x00000000a3f00000| Untracked 
|  36|0x00000000a4000000, 0x00000000a4000000, 0x00000000a4100000|  0%| F|  |TAMS 0x00000000a4000000, 0x00000000a4000000| Untracked 
|  37|0x00000000a4100000, 0x00000000a4100000, 0x00000000a4200000|  0%| F|  |TAMS 0x00000000a4100000, 0x00000000a4100000| Untracked 
|  38|0x00000000a4200000, 0x00000000a4200000, 0x00000000a4300000|  0%| F|  |TAMS 0x00000000a4200000, 0x00000000a4200000| Untracked 
|  39|0x00000000a4300000, 0x00000000a4300000, 0x00000000a4400000|  0%| F|  |TAMS 0x00000000a4300000, 0x00000000a4300000| Untracked 
|  40|0x00000000a4400000, 0x00000000a4400000, 0x00000000a4500000|  0%| F|  |TAMS 0x00000000a4400000, 0x00000000a4400000| Untracked 
|  41|0x00000000a4500000, 0x00000000a4500000, 0x00000000a4600000|  0%| F|  |TAMS 0x00000000a4500000, 0x00000000a4500000| Untracked 
|  42|0x00000000a4600000, 0x00000000a4600000, 0x00000000a4700000|  0%| F|  |TAMS 0x00000000a4600000, 0x00000000a4600000| Untracked 
|  43|0x00000000a4700000, 0x00000000a4700000, 0x00000000a4800000|  0%| F|  |TAMS 0x00000000a4700000, 0x00000000a4700000| Untracked 
|  44|0x00000000a4800000, 0x00000000a4800000, 0x00000000a4900000|  0%| F|  |TAMS 0x00000000a4800000, 0x00000000a4800000| Untracked 
|  45|0x00000000a4900000, 0x00000000a4900000, 0x00000000a4a00000|  0%| F|  |TAMS 0x00000000a4900000, 0x00000000a4900000| Untracked 
|  46|0x00000000a4a00000, 0x00000000a4a00000, 0x00000000a4b00000|  0%| F|  |TAMS 0x00000000a4a00000, 0x00000000a4a00000| Untracked 
|  47|0x00000000a4b00000, 0x00000000a4b00000, 0x00000000a4c00000|  0%| F|  |TAMS 0x00000000a4b00000, 0x00000000a4b00000| Untracked 
|  48|0x00000000a4c00000, 0x00000000a4c00000, 0x00000000a4d00000|  0%| F|  |TAMS 0x00000000a4c00000, 0x00000000a4c00000| Untracked 
|  49|0x00000000a4d00000, 0x00000000a4d00000, 0x00000000a4e00000|  0%| F|  |TAMS 0x00000000a4d00000, 0x00000000a4d00000| Untracked 
|  50|0x00000000a4e00000, 0x00000000a4e00000, 0x00000000a4f00000|  0%| F|  |TAMS 0x00000000a4e00000, 0x00000000a4e00000| Untracked 
|  51|0x00000000a4f00000, 0x00000000a4f00000, 0x00000000a5000000|  0%| F|  |TAMS 0x00000000a4f00000, 0x00000000a4f00000| Untracked 
|  52|0x00000000a5000000, 0x00000000a5000000, 0x00000000a5100000|  0%| F|  |TAMS 0x00000000a5000000, 0x00000000a5000000| Untracked 
|  53|0x00000000a5100000, 0x00000000a5100000, 0x00000000a5200000|  0%| F|  |TAMS 0x00000000a5100000, 0x00000000a5100000| Untracked 
|  54|0x00000000a5200000, 0x00000000a5200000, 0x00000000a5300000|  0%| F|  |TAMS 0x00000000a5200000, 0x00000000a5200000| Untracked 
|  55|0x00000000a5300000, 0x00000000a5300000, 0x00000000a5400000|  0%| F|  |TAMS 0x00000000a5300000, 0x00000000a5300000| Untracked 
|  56|0x00000000a5400000, 0x00000000a5400000, 0x00000000a5500000|  0%| F|  |TAMS 0x00000000a5400000, 0x00000000a5400000| Untracked 
|  57|0x00000000a5500000, 0x00000000a5500000, 0x00000000a5600000|  0%| F|  |TAMS 0x00000000a5500000, 0x00000000a5500000| Untracked 
|  58|0x00000000a5600000, 0x00000000a5600000, 0x00000000a5700000|  0%| F|  |TAMS 0x00000000a5600000, 0x00000000a5600000| Untracked 
|  59|0x00000000a5700000, 0x00000000a5700000, 0x00000000a5800000|  0%| F|  |TAMS 0x00000000a5700000, 0x00000000a5700000| Untracked 
|  60|0x00000000a5800000, 0x00000000a5800000, 0x00000000a5900000|  0%| F|  |TAMS 0x00000000a5800000, 0x00000000a5800000| Untracked 
|  61|0x00000000a5900000, 0x00000000a5900000, 0x00000000a5a00000|  0%| F|  |TAMS 0x00000000a5900000, 0x00000000a5900000| Untracked 
|  62|0x00000000a5a00000, 0x00000000a5a00000, 0x00000000a5b00000|  0%| F|  |TAMS 0x00000000a5a00000, 0x00000000a5a00000| Untracked 
|  63|0x00000000a5b00000, 0x00000000a5b00000, 0x00000000a5c00000|  0%| F|  |TAMS 0x00000000a5b00000, 0x00000000a5b00000| Untracked 
|  64|0x00000000a5c00000, 0x00000000a5c00000, 0x00000000a5d00000|  0%| F|  |TAMS 0x00000000a5c00000, 0x00000000a5c00000| Untracked 
|  65|0x00000000a5d00000, 0x00000000a5d00000, 0x00000000a5e00000|  0%| F|  |TAMS 0x00000000a5d00000, 0x00000000a5d00000| Untracked 
|  66|0x00000000a5e00000, 0x00000000a5e00000, 0x00000000a5f00000|  0%| F|  |TAMS 0x00000000a5e00000, 0x00000000a5e00000| Untracked 
|  67|0x00000000a5f00000, 0x00000000a5f00000, 0x00000000a6000000|  0%| F|  |TAMS 0x00000000a5f00000, 0x00000000a5f00000| Untracked 
|  68|0x00000000a6000000, 0x00000000a6000000, 0x00000000a6100000|  0%| F|  |TAMS 0x00000000a6000000, 0x00000000a6000000| Untracked 
|  69|0x00000000a6100000, 0x00000000a6100000, 0x00000000a6200000|  0%| F|  |TAMS 0x00000000a6100000, 0x00000000a6100000| Untracked 
|  70|0x00000000a6200000, 0x00000000a6200000, 0x00000000a6300000|  0%| F|  |TAMS 0x00000000a6200000, 0x00000000a6200000| Untracked 
|  71|0x00000000a6300000, 0x00000000a6300000, 0x00000000a6400000|  0%| F|  |TAMS 0x00000000a6300000, 0x00000000a6300000| Untracked 
|  72|0x00000000a6400000, 0x00000000a6400000, 0x00000000a6500000|  0%| F|  |TAMS 0x00000000a6400000, 0x00000000a6400000| Untracked 
|  73|0x00000000a6500000, 0x00000000a6500000, 0x00000000a6600000|  0%| F|  |TAMS 0x00000000a6500000, 0x00000000a6500000| Untracked 
|  74|0x00000000a6600000, 0x00000000a6600000, 0x00000000a6700000|  0%| F|  |TAMS 0x00000000a6600000, 0x00000000a6600000| Untracked 
|  75|0x00000000a6700000, 0x00000000a6700000, 0x00000000a6800000|  0%| F|  |TAMS 0x00000000a6700000, 0x00000000a6700000| Untracked 
|  76|0x00000000a6800000, 0x00000000a6800000, 0x00000000a6900000|  0%| F|  |TAMS 0x00000000a6800000, 0x00000000a6800000| Untracked 
|  77|0x00000000a6900000, 0x00000000a6900000, 0x00000000a6a00000|  0%| F|  |TAMS 0x00000000a6900000, 0x00000000a6900000| Untracked 
|  78|0x00000000a6a00000, 0x00000000a6a00000, 0x00000000a6b00000|  0%| F|  |TAMS 0x00000000a6a00000, 0x00000000a6a00000| Untracked 
|  79|0x00000000a6b00000, 0x00000000a6b00000, 0x00000000a6c00000|  0%| F|  |TAMS 0x00000000a6b00000, 0x00000000a6b00000| Untracked 
|  80|0x00000000a6c00000, 0x00000000a6c00000, 0x00000000a6d00000|  0%| F|  |TAMS 0x00000000a6c00000, 0x00000000a6c00000| Untracked 
|  81|0x00000000a6d00000, 0x00000000a6d00000, 0x00000000a6e00000|  0%| F|  |TAMS 0x00000000a6d00000, 0x00000000a6d00000| Untracked 
|  82|0x00000000a6e00000, 0x00000000a6e00000, 0x00000000a6f00000|  0%| F|  |TAMS 0x00000000a6e00000, 0x00000000a6e00000| Untracked 
|  83|0x00000000a6f00000, 0x00000000a6f00000, 0x00000000a7000000|  0%| F|  |TAMS 0x00000000a6f00000, 0x00000000a6f00000| Untracked 
|  84|0x00000000a7000000, 0x00000000a7000000, 0x00000000a7100000|  0%| F|  |TAMS 0x00000000a7000000, 0x00000000a7000000| Untracked 
|  85|0x00000000a7100000, 0x00000000a7100000, 0x00000000a7200000|  0%| F|  |TAMS 0x00000000a7100000, 0x00000000a7100000| Untracked 
|  86|0x00000000a7200000, 0x00000000a7200000, 0x00000000a7300000|  0%| F|  |TAMS 0x00000000a7200000, 0x00000000a7200000| Untracked 
|  87|0x00000000a7300000, 0x00000000a7300000, 0x00000000a7400000|  0%| F|  |TAMS 0x00000000a7300000, 0x00000000a7300000| Untracked 
|  88|0x00000000a7400000, 0x00000000a7400000, 0x00000000a7500000|  0%| F|  |TAMS 0x00000000a7400000, 0x00000000a7400000| Untracked 
|  89|0x00000000a7500000, 0x00000000a7600000, 0x00000000a7600000|100%| E|  |TAMS 0x00000000a7500000, 0x00000000a7500000| Complete 
|  90|0x00000000a7600000, 0x00000000a7700000, 0x00000000a7700000|100%| E|CS|TAMS 0x00000000a7600000, 0x00000000a7600000| Complete 
|  91|0x00000000a7700000, 0x00000000a7800000, 0x00000000a7800000|100%| E|CS|TAMS 0x00000000a7700000, 0x00000000a7700000| Complete 
|  92|0x00000000a7800000, 0x00000000a7900000, 0x00000000a7900000|100%| E|CS|TAMS 0x00000000a7800000, 0x00000000a7800000| Complete 
|  93|0x00000000a7900000, 0x00000000a7a00000, 0x00000000a7a00000|100%| E|CS|TAMS 0x00000000a7900000, 0x00000000a7900000| Complete 
|  94|0x00000000a7a00000, 0x00000000a7b00000, 0x00000000a7b00000|100%| E|CS|TAMS 0x00000000a7a00000, 0x00000000a7a00000| Complete 
|  95|0x00000000a7b00000, 0x00000000a7c00000, 0x00000000a7c00000|100%| E|CS|TAMS 0x00000000a7b00000, 0x00000000a7b00000| Complete 

Card table byte_map: [0x000001a33afc0000,0x000001a33b2c0000] _byte_map_base: 0x000001a33aab2000

Marking Bits (Prev, Next): (CMBitMap*) 0x000001a3243d5f30, (CMBitMap*) 0x000001a3243d5f70
 Prev Bits: [0x000001a33b5c0000, 0x000001a33cd50000)
 Next Bits: [0x000001a33cd50000, 0x000001a33e4e0000)

Polling page: 0x000001a322320000

Metaspace:

Usage:
  Non-class:      4.58 MB used.
      Class:    551.40 KB used.
       Both:      5.12 MB used.

Virtual space:
  Non-class space:       64.00 MB reserved,       4.62 MB (  7%) committed,  1 nodes.
      Class space:        1.00 GB reserved,     640.00 KB ( <1%) committed,  1 nodes.
             Both:        1.06 GB reserved,       5.25 MB ( <1%) committed. 

Chunk freelists:
   Non-Class:  2.89 MB
       Class:  3.25 MB
        Both:  6.14 MB

MaxMetaspaceSize: unlimited
CompressedClassSpaceSize: 1.00 GB
Initial GC threshold: 21.00 MB
Current GC threshold: 21.00 MB
CDS: on
MetaspaceReclaimPolicy: balanced
 - commit_granule_bytes: 65536.
 - commit_granule_words: 8192.
 - virtual_space_node_default_size: 8388608.
 - enlarge_chunks_in_place: 1.
 - new_chunks_are_fully_committed: 0.
 - uncommit_free_chunks: 1.
 - use_allocation_guard: 0.


Internal statistics:

num_allocs_failed_limit: 0.
num_arena_births: 106.
num_arena_deaths: 0.
num_vsnodes_births: 2.
num_vsnodes_deaths: 0.
num_space_committed: 84.
num_space_uncommitted: 0.
num_chunks_returned_to_freelist: 0.
num_chunks_taken_from_freelist: 145.
num_chunk_merges: 0.
num_chunk_splits: 80.
num_chunks_enlarged: 21.
num_inconsistent_stats: 0.

CodeHeap 'non-profiled nmethods': size=120000Kb used=167Kb max_used=167Kb free=119832Kb
 bounds [0x000001a333790000, 0x000001a333a00000, 0x000001a33acc0000]
CodeHeap 'profiled nmethods': size=120000Kb used=890Kb max_used=890Kb free=119109Kb
 bounds [0x000001a32c260000, 0x000001a32c4d0000, 0x000001a333790000]
CodeHeap 'non-nmethods': size=5760Kb used=1241Kb max_used=1251Kb free=4518Kb
 bounds [0x000001a32bcc0000, 0x000001a32bf30000, 0x000001a32c260000]
 total_blobs=1120 nmethods=573 adapters=460
 compilation: enabled
              stopped_count=0, restarted_count=0
 full_count=0

Compilation events (20 events):
Event: 0.487 Thread 0x000001a340951b00 nmethod 563 0x000001a32c33bb10 code [0x000001a32c33bce0, 0x000001a32c33c0f8]
Event: 0.487 Thread 0x000001a340951b00  564       1       sun.java2d.loops.CompositeType::getSuperType (5 bytes)
Event: 0.487 Thread 0x000001a340951b00 nmethod 564 0x000001a3337b8d10 code [0x000001a3337b8ea0, 0x000001a3337b8f78]
Event: 0.487 Thread 0x000001a340951b00  565       3       java.util.Arrays::binarySearch0 (95 bytes)
Event: 0.488 Thread 0x000001a340951b00 nmethod 565 0x000001a32c33c210 code [0x000001a32c33c3e0, 0x000001a32c33c818]
Event: 0.488 Thread 0x000001a340951600 nmethod 562 0x000001a3337b9010 code [0x000001a3337b91a0, 0x000001a3337b92d8]
Event: 0.488 Thread 0x000001a340951b00  566       3       sun.java2d.loops.GraphicsPrimitiveMgr::locate (104 bytes)
Event: 0.489 Thread 0x000001a340951600  569       4       sun.java2d.loops.GraphicsPrimitiveMgr$2::compare (39 bytes)
Event: 0.489 Thread 0x000001a340951b00 nmethod 566 0x000001a32c33c990 code [0x000001a32c33cbc0, 0x000001a32c33d638]
Event: 0.489 Thread 0x000001a340951b00  567       3       java.util.Arrays::binarySearch (10 bytes)
Event: 0.489 Thread 0x000001a340951b00 nmethod 567 0x000001a32c33d890 code [0x000001a32c33da20, 0x000001a32c33db48]
Event: 0.489 Thread 0x000001a340951b00  568       1       sun.java2d.loops.SurfaceType::getSuperType (5 bytes)
Event: 0.489 Thread 0x000001a340951b00 nmethod 568 0x000001a3337b9410 code [0x000001a3337b95a0, 0x000001a3337b9678]
Event: 0.490 Thread 0x000001a340951600 nmethod 569 0x000001a3337b9710 code [0x000001a3337b98a0, 0x000001a3337b99b8]
Event: 0.491 Thread 0x000001a340951b00  570       3       java.util.concurrent.ConcurrentHashMap$BaseIterator::hasNext (13 bytes)
Event: 0.492 Thread 0x000001a340951b00 nmethod 570 0x000001a32c33dc10 code [0x000001a32c33dda0, 0x000001a32c33df18]
Event: 0.492 Thread 0x000001a340951b00  571       3       java.util.concurrent.ConcurrentHashMap$ValueIterator::next (34 bytes)
Event: 0.492 Thread 0x000001a340951b00 nmethod 571 0x000001a32c33df90 code [0x000001a32c33e140, 0x000001a32c33e398]
Event: 0.495 Thread 0x000001a340951b00  572       3       java.lang.String::checkBoundsOffCount (11 bytes)
Event: 0.496 Thread 0x000001a340951b00 nmethod 572 0x000001a32c33e490 code [0x000001a32c33e640, 0x000001a32c33e868]

GC Heap History (0 events):
No events

Deoptimization events (20 events):
Event: 0.368 Thread 0x000001a344ed3da0 DEOPT PACKING pc=0x000001a32c3119b4 sp=0x0000000daf2fed30
Event: 0.368 Thread 0x000001a344ed3da0 DEOPT UNPACKING pc=0x000001a32bd12b43 sp=0x0000000daf2fe1d0 mode 0
Event: 0.368 Thread 0x000001a344ed3da0 DEOPT PACKING pc=0x000001a32c3119b4 sp=0x0000000daf2fed30
Event: 0.368 Thread 0x000001a344ed3da0 DEOPT UNPACKING pc=0x000001a32bd12b43 sp=0x0000000daf2fe1d0 mode 0
Event: 0.368 Thread 0x000001a344ed3da0 DEOPT PACKING pc=0x000001a32c3119b4 sp=0x0000000daf2fed30
Event: 0.368 Thread 0x000001a344ed3da0 DEOPT UNPACKING pc=0x000001a32bd12b43 sp=0x0000000daf2fe1d0 mode 0
Event: 0.370 Thread 0x000001a344ed3da0 DEOPT PACKING pc=0x000001a32c3119b4 sp=0x0000000daf2fed30
Event: 0.370 Thread 0x000001a344ed3da0 DEOPT UNPACKING pc=0x000001a32bd12b43 sp=0x0000000daf2fe1d0 mode 0
Event: 0.370 Thread 0x000001a344ed3da0 DEOPT PACKING pc=0x000001a32c3119b4 sp=0x0000000daf2fed30
Event: 0.370 Thread 0x000001a344ed3da0 DEOPT UNPACKING pc=0x000001a32bd12b43 sp=0x0000000daf2fe1d0 mode 0
Event: 0.370 Thread 0x000001a344ed3da0 DEOPT PACKING pc=0x000001a32c3119b4 sp=0x0000000daf2fed30
Event: 0.370 Thread 0x000001a344ed3da0 DEOPT UNPACKING pc=0x000001a32bd12b43 sp=0x0000000daf2fe1d0 mode 0
Event: 0.371 Thread 0x000001a344ed3da0 DEOPT PACKING pc=0x000001a32c3119b4 sp=0x0000000daf2fed30
Event: 0.371 Thread 0x000001a344ed3da0 DEOPT UNPACKING pc=0x000001a32bd12b43 sp=0x0000000daf2fe1d0 mode 0
Event: 0.371 Thread 0x000001a344ed3da0 DEOPT PACKING pc=0x000001a32c3119b4 sp=0x0000000daf2fed30
Event: 0.371 Thread 0x000001a344ed3da0 DEOPT UNPACKING pc=0x000001a32bd12b43 sp=0x0000000daf2fe1d0 mode 0
Event: 0.372 Thread 0x000001a344ed3da0 DEOPT PACKING pc=0x000001a32c3119b4 sp=0x0000000daf2fed30
Event: 0.372 Thread 0x000001a344ed3da0 DEOPT UNPACKING pc=0x000001a32bd12b43 sp=0x0000000daf2fe1d0 mode 0
Event: 0.372 Thread 0x000001a344ed3da0 DEOPT PACKING pc=0x000001a32c3119b4 sp=0x0000000daf2fed30
Event: 0.372 Thread 0x000001a344ed3da0 DEOPT UNPACKING pc=0x000001a32bd12b43 sp=0x0000000daf2fe1d0 mode 0

Classes loaded (20 events):
Event: 0.498 Loading class sun/font/SunFontManager$TTFilter
Event: 0.498 Loading class java/io/FilenameFilter
Event: 0.498 Loading class java/io/FilenameFilter done
Event: 0.498 Loading class sun/font/SunFontManager$TTFilter done
Event: 0.498 Loading class sun/font/SunFontManager$T1Filter
Event: 0.498 Loading class sun/font/SunFontManager$T1Filter done
Event: 0.498 Loading class sun/font/SunFontManager$1
Event: 0.498 Loading class sun/font/SunFontManager$1 done
Event: 0.498 Loading class sun/font/FontManagerNativeLibrary
Event: 0.498 Loading class sun/font/FontManagerNativeLibrary done
Event: 0.498 Loading class sun/font/FontManagerNativeLibrary$1
Event: 0.498 Loading class sun/font/FontManagerNativeLibrary$1 done
Event: 0.502 Loading class sun/font/TrueTypeFont
Event: 0.503 Loading class sun/font/FileFont
Event: 0.503 Loading class sun/font/PhysicalFont
Event: 0.503 Loading class sun/font/Font2D
Event: 0.503 Loading class sun/font/Font2D done
Event: 0.503 Loading class sun/font/PhysicalFont done
Event: 0.503 Loading class sun/font/FileFont done
Event: 0.503 Loading class sun/font/TrueTypeFont done

Classes unloaded (0 events):
No events

Classes redefined (0 events):
No events

Internal exceptions (12 events):
Event: 0.110 Thread 0x000001a3243849d0 Exception <a 'java/lang/ClassNotFoundException'{0x00000000a7a5f368}: sun/awt/resources/spi/awtProvider> (0x00000000a7a5f368) 
thrown [s\open\src\hotspot\share\classfile\systemDictionary.cpp, line 255]
Event: 0.144 Thread 0x000001a3243849d0 Exception <a 'java/io/FileNotFoundException'{0x00000000a7ab48e0}> (0x00000000a7ab48e0) 
thrown [s\open\src\hotspot\share\prims\jni.cpp, line 516]
Event: 0.156 Thread 0x000001a3243849d0 Exception <a 'java/io/FileNotFoundException'{0x00000000a7ae1ae0}> (0x00000000a7ae1ae0) 
thrown [s\open\src\hotspot\share\prims\jni.cpp, line 516]
Event: 0.194 Thread 0x000001a3243849d0 Exception <a 'java/lang/NoSuchMethodError'{0x00000000a7918bf8}: 'java.lang.Object java.lang.invoke.DirectMethodHandle$Holder.invokeStaticInit(java.lang.Object)'> (0x00000000a7918bf8) 
thrown [s\open\src\hotspot\share\interpreter\linkResolver.cpp, line 759]
Event: 0.257 Thread 0x000001a344cce310 Exception <a 'java/lang/NoSuchMethodError'{0x00000000a780aed8}: 'void java.lang.invoke.DirectMethodHandle$Holder.invokeSpecial(java.lang.Object, java.lang.Object, java.lang.Object)'> (0x00000000a780aed8) 
thrown [s\open\src\hotspot\share\interpreter\linkResolver.cpp, line 759]
Event: 0.271 Thread 0x000001a344cce310 Exception <a 'java/lang/NoSuchMethodError'{0x00000000a7835f90}: 'java.lang.Object java.lang.invoke.DirectMethodHandle$Holder.newInvokeSpecial(java.lang.Object, java.lang.Object, java.lang.Object, java.lang.Object, java.lang.Object)'> (0x00000000a7835f90) 
thrown [s\open\src\hotspot\share\interpreter\linkResolver.cpp, line 759]
Event: 0.279 Thread 0x000001a344cce310 Exception <a 'java/lang/NoSuchMethodError'{0x00000000a7867ce8}: 'java.lang.Object java.lang.invoke.DirectMethodHandle$Holder.invokeStatic(java.lang.Object, int, java.lang.Object)'> (0x00000000a7867ce8) 
thrown [s\open\src\hotspot\share\interpreter\linkResolver.cpp, line 759]
Event: 0.317 Thread 0x000001a344cce310 Exception <a 'java/lang/ClassNotFoundException'{0x00000000a7725578}: com/sun/swing/internal/plaf/metal/resources/spi/metalProvider> (0x00000000a7725578) 
thrown [s\open\src\hotspot\share\classfile\systemDictionary.cpp, line 255]
Event: 0.319 Thread 0x000001a344cce310 Exception <a 'java/lang/ClassNotFoundException'{0x00000000a7729590}: com/sun/swing/internal/plaf/basic/resources/spi/basicProvider> (0x00000000a7729590) 
thrown [s\open\src\hotspot\share\classfile\systemDictionary.cpp, line 255]
Event: 0.334 Thread 0x000001a344cce310 Exception <a 'java/lang/NoSuchMethodError'{0x00000000a774a190}: 'int java.lang.invoke.Invokers$Holder.invokeExact_MT(java.lang.Object, java.lang.Object)'> (0x00000000a774a190) 
thrown [s\open\src\hotspot\share\interpreter\linkResolver.cpp, line 759]
Event: 0.344 Thread 0x000001a344ed3da0 Exception <a 'java/lang/NoSuchMethodError'{0x00000000a77969a0}: 'java.lang.Object java.lang.invoke.DirectMethodHandle$Holder.newInvokeSpecial(java.lang.Object, java.lang.Object, java.lang.Object, int, int, int, int, int)'> (0x00000000a77969a0) 
thrown [s\open\src\hotspot\share\interpreter\linkResolver.cpp, line 759]
Event: 0.493 Thread 0x000001a344cce310 Exception <a 'java/lang/NoSuchMethodError'{0x00000000a777cdc8}: 'void java.lang.invoke.DirectMethodHandle$Holder.invokeStaticInit(java.lang.Object)'> (0x00000000a777cdc8) 
thrown [s\open\src\hotspot\share\interpreter\linkResolver.cpp, line 759]

VM Operations (4 events):
Event: 0.316 Executing VM operation: HandshakeAllThreads
Event: 0.316 Executing VM operation: HandshakeAllThreads done
Event: 0.438 Executing VM operation: HandshakeAllThreads
Event: 0.438 Executing VM operation: HandshakeAllThreads done

Events (20 events):
Event: 0.038 Thread 0x000001a340951b00 Thread added: 0x000001a340951b00
Event: 0.038 Thread 0x000001a34095c610 Thread added: 0x000001a34095c610
Event: 0.063 Thread 0x000001a344c6bc20 Thread added: 0x000001a344c6bc20
Event: 0.066 Thread 0x000001a344c6e510 Thread added: 0x000001a344c6e510
Event: 0.087 Loaded shared library C:\Program Files\Java\jdk-18.0.2.1\bin\jimage.dll
Event: 0.096 Loaded shared library C:\Program Files\Java\jdk-18.0.2.1\bin\net.dll
Event: 0.098 Loaded shared library C:\Program Files\Java\jdk-18.0.2.1\bin\nio.dll
Event: 0.102 Loaded shared library C:\Program Files\Java\jdk-18.0.2.1\bin\zip.dll
Event: 0.128 Loaded shared library C:\Program Files\Java\jdk-18.0.2.1\bin\awt.dll
Event: 0.195 Thread 0x000001a344ccb1c0 Thread added: 0x000001a344ccb1c0
Event: 0.197 Thread 0x000001a344e77010 Thread added: 0x000001a344e77010
Event: 0.199 Thread 0x000001a344e774d0 Thread added: 0x000001a344e774d0
Event: 0.215 Thread 0x000001a344cce310 Thread added: 0x000001a344cce310
Event: 0.215 Thread 0x000001a3243849d0 Thread exited: 0x000001a3243849d0
Event: 0.215 Thread 0x000001a3243849d0 Thread added: 0x000001a3243849d0
Event: 0.340 Thread 0x000001a344ed3da0 Thread added: 0x000001a344ed3da0
Event: 0.392 Thread 0x000001a344ff66e0 Thread added: 0x000001a344ff66e0
Event: 0.451 Thread 0x000001a344ff7450 Thread added: 0x000001a344ff7450
Event: 0.500 Loaded shared library C:\Program Files\Java\jdk-18.0.2.1\bin\freetype.dll
Event: 0.502 Loaded shared library C:\Program Files\Java\jdk-18.0.2.1\bin\fontmanager.dll


Dynamic libraries:
0x00007ff6a2560000 - 0x00007ff6a2570000 	C:\Program Files\Java\jdk-18.0.2.1\bin\javaw.exe
0x00007ffac9730000 - 0x00007ffac9928000 	C:\Windows\SYSTEM32\ntdll.dll
0x00007ffac8670000 - 0x00007ffac872d000 	C:\Windows\System32\KERNEL32.DLL
0x00007ffac6df0000 - 0x00007ffac70e6000 	C:\Windows\System32\KERNELBASE.dll
0x00007ffac7590000 - 0x00007ffac7690000 	C:\Windows\System32\ucrtbase.dll
0x00007ffac25a0000 - 0x00007ffac25ba000 	C:\Program Files\Java\jdk-18.0.2.1\bin\VCRUNTIME140.dll
0x00007ffac24e0000 - 0x00007ffac24f8000 	C:\Program Files\Java\jdk-18.0.2.1\bin\jli.dll
0x00007ffac87a0000 - 0x00007ffac8853000 	C:\Windows\System32\ADVAPI32.dll
0x00007ffac94a0000 - 0x00007ffac953e000 	C:\Windows\System32\msvcrt.dll
0x00007ffac9400000 - 0x00007ffac949f000 	C:\Windows\System32\sechost.dll
0x00007ffac7d90000 - 0x00007ffac7eb6000 	C:\Windows\System32\RPCRT4.dll
0x00007ffac71b0000 - 0x00007ffac71d7000 	C:\Windows\System32\bcrypt.dll
0x00007ffac9240000 - 0x00007ffac93de000 	C:\Windows\System32\USER32.dll
0x00007ffab7910000 - 0x00007ffab7baa000 	C:\Windows\WinSxS\amd64_microsoft.windows.common-controls_6595b64144ccf1df_6.0.19041.3636_none_60b6a03d71f818d5\COMCTL32.dll
0x00007ffac7690000 - 0x00007ffac76b2000 	C:\Windows\System32\win32u.dll
0x00007ffac7d60000 - 0x00007ffac7d8b000 	C:\Windows\System32\GDI32.dll
0x00007ffac7470000 - 0x00007ffac7587000 	C:\Windows\System32\gdi32full.dll
0x00007ffac73d0000 - 0x00007ffac746d000 	C:\Windows\System32\msvcp_win.dll
0x00007ffab63a0000 - 0x00007ffab63aa000 	C:\Windows\SYSTEM32\VERSION.dll
0x00007ffac7920000 - 0x00007ffac7952000 	C:\Windows\System32\IMM32.DLL
0x00007ffac2590000 - 0x00007ffac259c000 	C:\Program Files\Java\jdk-18.0.2.1\bin\vcruntime140_1.dll
0x00007ffabfaf0000 - 0x00007ffabfb7d000 	C:\Program Files\Java\jdk-18.0.2.1\bin\msvcp140.dll
0x00007ffa86e40000 - 0x00007ffa87a51000 	C:\Program Files\Java\jdk-18.0.2.1\bin\server\jvm.dll
0x00007ffac8bc0000 - 0x00007ffac8bc8000 	C:\Windows\System32\PSAPI.DLL
0x00007ffac2520000 - 0x00007ffac2529000 	C:\Windows\SYSTEM32\WSOCK32.dll
0x00007ffab68a0000 - 0x00007ffab68c7000 	C:\Windows\SYSTEM32\WINMM.dll
0x00007ffac8730000 - 0x00007ffac879b000 	C:\Windows\System32\WS2_32.dll
0x00007ffac5680000 - 0x00007ffac5692000 	C:\Windows\SYSTEM32\kernel.appcore.dll
0x00007ffac1660000 - 0x00007ffac166a000 	C:\Program Files\Java\jdk-18.0.2.1\bin\jimage.dll
0x00007ffac5350000 - 0x00007ffac5534000 	C:\Windows\SYSTEM32\DBGHELP.DLL
0x00007ffab6420000 - 0x00007ffab6454000 	C:\Windows\SYSTEM32\dbgcore.DLL
0x00007ffac71e0000 - 0x00007ffac7262000 	C:\Windows\System32\bcryptPrimitives.dll
0x00007ffac0a40000 - 0x00007ffac0a65000 	C:\Program Files\Java\jdk-18.0.2.1\bin\java.dll
0x00007ffaa0550000 - 0x00007ffaa0626000 	C:\Program Files\Java\jdk-18.0.2.1\bin\jsvml.dll
0x00007ffac7f20000 - 0x00007ffac8665000 	C:\Windows\System32\SHELL32.dll
0x00007ffac4ae0000 - 0x00007ffac527c000 	C:\Windows\SYSTEM32\windows.storage.dll
0x00007ffac8860000 - 0x00007ffac8bb4000 	C:\Windows\System32\combase.dll
0x00007ffac6820000 - 0x00007ffac684e000 	C:\Windows\SYSTEM32\Wldp.dll
0x00007ffac7aa0000 - 0x00007ffac7b6d000 	C:\Windows\System32\OLEAUT32.dll
0x00007ffac7810000 - 0x00007ffac78bd000 	C:\Windows\System32\SHCORE.dll
0x00007ffac7c50000 - 0x00007ffac7ca5000 	C:\Windows\System32\shlwapi.dll
0x00007ffac6d20000 - 0x00007ffac6d45000 	C:\Windows\SYSTEM32\profapi.dll
0x00007ffac0a20000 - 0x00007ffac0a33000 	C:\Program Files\Java\jdk-18.0.2.1\bin\net.dll
0x00007ffabed00000 - 0x00007ffabee0a000 	C:\Windows\SYSTEM32\WINHTTP.dll
0x00007ffac6580000 - 0x00007ffac65ea000 	C:\Windows\system32\mswsock.dll
0x00007ffabfaa0000 - 0x00007ffabfab6000 	C:\Program Files\Java\jdk-18.0.2.1\bin\nio.dll
0x00007ffabf7a0000 - 0x00007ffabf7b8000 	C:\Program Files\Java\jdk-18.0.2.1\bin\zip.dll
0x00007ffa9e990000 - 0x00007ffa9eb1f000 	C:\Program Files\Java\jdk-18.0.2.1\bin\awt.dll
0x00007ffac41d0000 - 0x00007ffac4260000 	C:\Windows\SYSTEM32\apphelp.dll
0x00007ffac43a0000 - 0x00007ffac443e000 	C:\Windows\system32\uxtheme.dll
0x00007ffac8bd0000 - 0x00007ffac8ce4000 	C:\Windows\System32\MSCTF.dll
0x00007ffac7960000 - 0x00007ffac7a8b000 	C:\Windows\System32\ole32.dll
0x00007ffac4580000 - 0x00007ffac45af000 	C:\Windows\system32\DWMAPI.DLL
0x00007ffa9e710000 - 0x00007ffa9e835000 	C:\Windows\system32\opengl32.dll
0x00007ffac2640000 - 0x00007ffac266c000 	C:\Windows\SYSTEM32\GLU32.dll
0x00007ffa9ee30000 - 0x00007ffa9eeb6000 	C:\Program Files\Java\jdk-18.0.2.1\bin\freetype.dll
0x00007ffa9ebf0000 - 0x00007ffa9ec98000 	C:\Program Files\Java\jdk-18.0.2.1\bin\fontmanager.dll

dbghelp: loaded successfully - version: 4.0.5 - missing functions: none
symbol engine: initialized successfully - sym options: 0x614 - pdb path: .;C:\Program Files\Java\jdk-18.0.2.1\bin;C:\Windows\SYSTEM32;C:\Windows\WinSxS\amd64_microsoft.windows.common-controls_6595b64144ccf1df_6.0.19041.3636_none_60b6a03d71f818d5;C:\Program Files\Java\jdk-18.0.2.1\bin\server

VM Arguments:
jvm_args: -Dfile.encoding=UTF-8 -Dstdout.encoding=UTF-8 -Dstderr.encoding=UTF-8 -XX:+ShowCodeDetailsInExceptionMessages 
java_command: ui.Intro_UI
java_class_path (initial): D:\JAVA\VPTCoffe_Nhom08\SoureCode\VPTCoffe_Nhom08\bin;D:\JAVA\VPTCoffe_Nhom08\SoureCode\VPTCoffe_Nhom08\src\lib\sqljdbc42.jar
Launcher Type: SUN_STANDARD

[Global flags]
     intx CICompilerCount                          = 3                                         {product} {ergonomic}
     uint ConcGCThreads                            = 1                                         {product} {ergonomic}
     uint G1ConcRefinementThreads                  = 4                                         {product} {ergonomic}
   size_t G1HeapRegionSize                         = 1048576                                   {product} {ergonomic}
    uintx GCDrainStackTargetSize                   = 64                                        {product} {ergonomic}
   size_t InitialHeapSize                          = 100663296                                 {product} {ergonomic}
   size_t MarkStackSize                            = 4194304                                   {product} {ergonomic}
   size_t MaxHeapSize                              = 1581252608                                {product} {ergonomic}
   size_t MaxNewSize                               = 947912704                                 {product} {ergonomic}
   size_t MinHeapDeltaBytes                        = 1048576                                   {product} {ergonomic}
   size_t MinHeapSize                              = 8388608                                   {product} {ergonomic}
    uintx NonNMethodCodeHeapSize                   = 5832780                                {pd product} {ergonomic}
    uintx NonProfiledCodeHeapSize                  = 122912730                              {pd product} {ergonomic}
    uintx ProfiledCodeHeapSize                     = 122912730                              {pd product} {ergonomic}
    uintx ReservedCodeCacheSize                    = 251658240                              {pd product} {ergonomic}
     bool SegmentedCodeCache                       = true                                      {product} {ergonomic}
     bool ShowCodeDetailsInExceptionMessages       = true                                   {manageable} {command line}
   size_t SoftMaxHeapSize                          = 1581252608                             {manageable} {ergonomic}
     bool UseCompressedClassPointers               = true                           {product lp64_product} {ergonomic}
     bool UseCompressedOops                        = true                           {product lp64_product} {ergonomic}
     bool UseG1GC                                  = true                                      {product} {ergonomic}
     bool UseLargePagesIndividualAllocation        = false                                  {pd product} {ergonomic}

Logging:
Log output configuration:
 #0: stdout all=warning uptime,level,tags foldmultilines=false
 #1: stderr all=off uptime,level,tags foldmultilines=false

Environment Variables:
PATH=C:\Program Files\Common Files\Oracle\Java\javapath;C:\Windows\system32;C:\Windows;C:\Windows\System32\Wbem;C:\Windows\System32\WindowsPowerShell\v1.0\;C:\Windows\System32\OpenSSH\;C:\Program Files\Git\cmd;C:\Program Files\Microsoft SQL Server\Client SDK\ODBC\170\Tools\Binn\;C:\Program Files (x86)\Microsoft SQL Server\150\Tools\Binn\;C:\Program Files\Microsoft SQL Server\150\Tools\Binn\;C:\Program Files\Microsoft SQL Server\150\DTS\Binn\;C:\Program Files\Azure Data Studio\bin;C:\Program Files (x86)\Microsoft SQL Server\160\DTS\Binn\;C:\Program Files\nodejs\;C:\Program Files\MongoDB\Server\7.0\bin;C:\Users\Administrator\AppData\Local\Programs\Python\Python310\Scripts\;C:\Users\Administrator\AppData\Local\Programs\Python\Python310\;C:\Users\Administrator\AppData\Local\Microsoft\WindowsApps;;C:\Users\Administrator\AppData\Local\Programs\Microsoft VS Code\bin;C:\Program Files\Azure Data Studio\bin;C:\Users\Administrator\AppData\Roaming\npm
USERNAME=Administrator
OS=Windows_NT
PROCESSOR_IDENTIFIER=Intel64 Family 6 Model 42 Stepping 7, GenuineIntel



---------------  S Y S T E M  ---------------

OS:
 Windows 10 , 64 bit Build 19041 (10.0.19041.3636)
OS uptime: 2 days 20:55 hours

CPU: total 4 (initial active 4) (2 cores per cpu, 2 threads per core) family 6 model 42 stepping 7 microcode 0x2f, cx8, cmov, fxsr, ht, mmx, sse, sse2, sse3, ssse3, sse4.1, sse4.2, popcnt, tsc, tscinvbit, avx, aes, clmul, vzeroupper, clflush

Memory: 4k page, system-wide physical 6027M (149M free)
TotalPageFile size 26507M (AvailPageFile size 0M)
current process WorkingSet (physical memory assigned to process): 52M, peak: 52M
current process commit charge ("private bytes"): 177M, peak: 178M

vm_info: Java HotSpot(TM) 64-Bit Server VM (18.0.2.1+1-1) for windows-amd64 JRE (18.0.2.1+1-1), built on Aug 16 2022 01:46:33 by "mach5one" with MS VC++ 16.8 / 16.9 (VS2019)

END.
