#
# There is insufficient memory for the Java Runtime Environment to continue.
# Native memory allocation (malloc) failed to allocate 320816 bytes for Chunk::new
# Possible reasons:
#   The system is out of physical RAM or swap space
#   The process is running with CompressedOops enabled, and the Java Heap may be blocking the growth of the native heap
# Possible solutions:
#   Reduce memory load on the system
#   Increase physical memory or swap space
#   Check if swap backing store is full
#   Decrease Java heap size (-Xmx/-Xms)
#   Decrease number of Java threads
#   Decrease Java thread stack sizes (-Xss)
#   Set larger code cache with -XX:ReservedCodeCacheSize=
#   JVM is running with Unscaled Compressed Oops mode in which the Java heap is
#     placed in the first 4GB address space. The Java Heap base address is the
#     maximum limit for the native heap growth. Please use -XX:HeapBaseMinAddress
#     to set the Java Heap base and to place the Java Heap above 4GB virtual address.
# This output file may be truncated or incomplete.
#
#  Out of Memory Error (arena.cpp:184), pid=22640, tid=9772
#
# JRE version: Java(TM) SE Runtime Environment (18.0.2.1+1) (build 18.0.2.1+1-1)
# Java VM: Java HotSpot(TM) 64-Bit Server VM (18.0.2.1+1-1, mixed mode, sharing, tiered, compressed oops, compressed class ptrs, g1 gc, windows-amd64)
# No core dump will be written. Minidumps are not enabled by default on client versions of Windows
#

---------------  S U M M A R Y ------------

Command Line: -Dfile.encoding=UTF-8 -Dstdout.encoding=UTF-8 -Dstderr.encoding=UTF-8 -XX:+ShowCodeDetailsInExceptionMessages ui.Intro_UI

Host: Intel(R) Core(TM) i5-2540M CPU @ 2.60GHz, 4 cores, 5G,  Windows 10 , 64 bit Build 19041 (10.0.19041.3636)
Time: Tue Mar 12 17:57:33 2024 SE Asia Standard Time elapsed time: 83.133765 seconds (0d 0h 1m 23s)

---------------  T H R E A D  ---------------

Current thread (0x00000265fed30d10):  JavaThread "C2 CompilerThread0" daemon [_thread_in_native, id=9772, stack(0x000000cec4600000,0x000000cec4700000)]


Current CompileTask:
C2:  83133  981   !   4       java.awt.EventDispatchThread::pumpOneEventForFilters (113 bytes)

Stack: [0x000000cec4600000,0x000000cec4700000]
Native frames: (J=compiled Java code, j=interpreted, Vv=VM code, C=native code)
V  [jvm.dll+0x6993aa]
V  [jvm.dll+0x7f46dd]
V  [jvm.dll+0x7f5fee]
V  [jvm.dll+0x7f66a3]
V  [jvm.dll+0x25cf1f]
V  [jvm.dll+0xb8c2f]
V  [jvm.dll+0xb8fa5]
V  [jvm.dll+0x2c7e2f]
V  [jvm.dll+0x5a0d8e]
V  [jvm.dll+0x238453]
V  [jvm.dll+0x23170f]
V  [jvm.dll+0x22f3cb]
V  [jvm.dll+0x1ba01c]
V  [jvm.dll+0x23ee0a]
V  [jvm.dll+0x23d0f5]
V  [jvm.dll+0x7a6dd1]
V  [jvm.dll+0x7a120a]
V  [jvm.dll+0x698255]
C  [ucrtbase.dll+0x21bb2]
C  [KERNEL32.DLL+0x17344]
C  [ntdll.dll+0x526b1]


---------------  P R O C E S S  ---------------

Threads class SMR info:
_java_thread_list=0x00000265974c5080, length=17, elements={
0x00000265f4fa4b70, 0x00000265f4fa5820, 0x00000265fed20f70, 0x00000265fed22830,
0x00000265fed230e0, 0x00000265fed23ad0, 0x00000265fed30d10, 0x00000265fed31600,
0x00000265fed446c0, 0x0000026596972700, 0x0000026596974ff0, 0x00000265969d17c0,
0x00000265969d1c80, 0x00000265969d2140, 0x00000265969d4040, 0x00000265f4ee4c40,
0x0000026596c2f640
}

Java Threads: ( => current thread )
  0x00000265f4fa4b70 JavaThread "Reference Handler" daemon [_thread_blocked, id=6916, stack(0x000000cec4000000,0x000000cec4100000)]
  0x00000265f4fa5820 JavaThread "Finalizer" daemon [_thread_blocked, id=23184, stack(0x000000cec4100000,0x000000cec4200000)]
  0x00000265fed20f70 JavaThread "Signal Dispatcher" daemon [_thread_blocked, id=6872, stack(0x000000cec4200000,0x000000cec4300000)]
  0x00000265fed22830 JavaThread "Attach Listener" daemon [_thread_blocked, id=8364, stack(0x000000cec4300000,0x000000cec4400000)]
  0x00000265fed230e0 JavaThread "Service Thread" daemon [_thread_blocked, id=7704, stack(0x000000cec4400000,0x000000cec4500000)]
  0x00000265fed23ad0 JavaThread "Monitor Deflation Thread" daemon [_thread_blocked, id=18408, stack(0x000000cec4500000,0x000000cec4600000)]
=>0x00000265fed30d10 JavaThread "C2 CompilerThread0" daemon [_thread_in_native, id=9772, stack(0x000000cec4600000,0x000000cec4700000)]
  0x00000265fed31600 JavaThread "C1 CompilerThread0" daemon [_thread_blocked, id=23260, stack(0x000000cec4700000,0x000000cec4800000)]
  0x00000265fed446c0 JavaThread "Sweeper thread" daemon [_thread_blocked, id=23136, stack(0x000000cec4800000,0x000000cec4900000)]
  0x0000026596972700 JavaThread "Notification Thread" daemon [_thread_blocked, id=22108, stack(0x000000cec4900000,0x000000cec4a00000)]
  0x0000026596974ff0 JavaThread "Common-Cleaner" daemon [_thread_blocked, id=22636, stack(0x000000cec4b00000,0x000000cec4c00000)]
  0x00000265969d17c0 JavaThread "Java2D Disposer" daemon [_thread_blocked, id=20816, stack(0x000000cec4c00000,0x000000cec4d00000)]
  0x00000265969d1c80 JavaThread "AWT-Shutdown" [_thread_blocked, id=23204, stack(0x000000cec4d00000,0x000000cec4e00000)]
  0x00000265969d2140 JavaThread "AWT-Windows" daemon [_thread_in_native, id=20256, stack(0x000000cec4e00000,0x000000cec4f00000)]
  0x00000265969d4040 JavaThread "AWT-EventQueue-0" [_thread_blocked, id=13112, stack(0x000000cec4f00000,0x000000cec5000000)]
  0x00000265f4ee4c40 JavaThread "DestroyJavaVM" [_thread_blocked, id=23032, stack(0x000000cec3900000,0x000000cec3a00000)]
  0x0000026596c2f640 JavaThread "TimerQueue" daemon [_thread_blocked, id=22252, stack(0x000000cec5100000,0x000000cec5200000)]

Other Threads:
  0x00000265f4f53d60 VMThread "VM Thread" [stack: 0x000000cec3f00000,0x000000cec4000000] [id=13756]
  0x0000026596974bd0 WatcherThread "VM Periodic Task Thread" [stack: 0x000000cec4a00000,0x000000cec4b00000] [id=22036]
  0x00000265f4f34a30 WorkerThread "GC Thread#0" [stack: 0x000000cec3a00000,0x000000cec3b00000] [id=23044]
  0x00000265f4f43cb0 ConcurrentGCThread "G1 Main Marker" [stack: 0x000000cec3b00000,0x000000cec3c00000] [id=2416]
  0x00000265f4f45d60 WorkerThread "G1 Conc#0" [stack: 0x000000cec3c00000,0x000000cec3d00000] [id=17140]
  0x00000265f4f79b20 ConcurrentGCThread "G1 Refine#0" [stack: 0x000000cec3d00000,0x000000cec3e00000] [id=22340]
  0x00000265f4f7a340 ConcurrentGCThread "G1 Service" [stack: 0x000000cec3e00000,0x000000cec3f00000] [id=22820]

Threads with active compile tasks:
C2 CompilerThread0    83197  981   !   4       java.awt.EventDispatchThread::pumpOneEventForFilters (113 bytes)

VM state: not at safepoint (normal execution)

VM Mutex/Monitor currently owned by a thread: None

Heap address: 0x00000000a1c00000, size: 1508 MB, Compressed Oops mode: 32-bit

CDS archive(s) mapped at: [0x0000000800000000-0x0000000800ba0000-0x0000000800ba0000), size 12189696, SharedBaseAddress: 0x0000000800000000, ArchiveRelocationMode: 0.
Compressed class space mapped at: 0x0000000800c00000-0x0000000840c00000, reserved size: 1073741824
Narrow klass base: 0x0000000800000000, Narrow klass shift: 0, Narrow klass range: 0x100000000

GC Precious Log:
 CardTable entry size: 512
 Card Set container configuration: InlinePtr #cards 5 size 8 Array Of Cards #cards 12 size 40 Howl #buckets 4 coarsen threshold 1843 Howl Bitmap #cards 512 size 80 coarsen threshold 460 Card regions per heap region 1 cards per card region 2048
 CPUs: 4 total, 4 available
 Memory: 6027M
 Large Page Support: Disabled
 NUMA Support: Disabled
 Compressed Oops: Enabled (32-bit)
 Heap Region Size: 1M
 Heap Min Capacity: 8M
 Heap Initial Capacity: 96M
 Heap Max Capacity: 1508M
 Pre-touch: Disabled
 Parallel Workers: 4
 Concurrent Workers: 1
 Concurrent Refinement Workers: 4
 Periodic GC: Disabled

Heap:
 garbage-first heap   total 98304K, used 19456K [0x00000000a1c00000, 0x0000000100000000)
  region size 1024K, 12 young (12288K), 0 survivors (0K)
 Metaspace       used 7169K, committed 7360K, reserved 1114112K
  class space    used 745K, committed 832K, reserved 1048576K

Heap Regions: E=young(eden), S=young(survivor), O=old, HS=humongous(starts), HC=humongous(continues), CS=collection set, F=free, OA=open archive, CA=closed archive, TAMS=top-at-mark-start (previous, next)
|   0|0x00000000a1c00000, 0x00000000a1d00000, 0x00000000a1d00000|100%|HS|  |TAMS 0x00000000a1c00000, 0x00000000a1c00000| Complete 
|   1|0x00000000a1d00000, 0x00000000a1e00000, 0x00000000a1e00000|100%|HS|  |TAMS 0x00000000a1d00000, 0x00000000a1d00000| Complete 
|   2|0x00000000a1e00000, 0x00000000a1f00000, 0x00000000a1f00000|100%|HS|  |TAMS 0x00000000a1e00000, 0x00000000a1e00000| Complete 
|   3|0x00000000a1f00000, 0x00000000a2000000, 0x00000000a2000000|100%|HC|  |TAMS 0x00000000a1f00000, 0x00000000a1f00000| Complete 
|   4|0x00000000a2000000, 0x00000000a2100000, 0x00000000a2100000|100%|HS|  |TAMS 0x00000000a2000000, 0x00000000a2000000| Complete 
|   5|0x00000000a2100000, 0x00000000a2200000, 0x00000000a2200000|100%|HC|  |TAMS 0x00000000a2100000, 0x00000000a2100000| Complete 
|   6|0x00000000a2200000, 0x00000000a2300000, 0x00000000a2300000|100%|HC|  |TAMS 0x00000000a2200000, 0x00000000a2200000| Complete 
|   7|0x00000000a2300000, 0x00000000a2400000, 0x00000000a2400000|100%|HC|  |TAMS 0x00000000a2300000, 0x00000000a2300000| Complete 
|   8|0x00000000a2400000, 0x00000000a2400000, 0x00000000a2500000|  0%| F|  |TAMS 0x00000000a2400000, 0x00000000a2400000| Untracked 
|   9|0x00000000a2500000, 0x00000000a2500000, 0x00000000a2600000|  0%| F|  |TAMS 0x00000000a2500000, 0x00000000a2500000| Untracked 
|  10|0x00000000a2600000, 0x00000000a2600000, 0x00000000a2700000|  0%| F|  |TAMS 0x00000000a2600000, 0x00000000a2600000| Untracked 
|  11|0x00000000a2700000, 0x00000000a2700000, 0x00000000a2800000|  0%| F|  |TAMS 0x00000000a2700000, 0x00000000a2700000| Untracked 
|  12|0x00000000a2800000, 0x00000000a2800000, 0x00000000a2900000|  0%| F|  |TAMS 0x00000000a2800000, 0x00000000a2800000| Untracked 
|  13|0x00000000a2900000, 0x00000000a2900000, 0x00000000a2a00000|  0%| F|  |TAMS 0x00000000a2900000, 0x00000000a2900000| Untracked 
|  14|0x00000000a2a00000, 0x00000000a2a00000, 0x00000000a2b00000|  0%| F|  |TAMS 0x00000000a2a00000, 0x00000000a2a00000| Untracked 
|  15|0x00000000a2b00000, 0x00000000a2b00000, 0x00000000a2c00000|  0%| F|  |TAMS 0x00000000a2b00000, 0x00000000a2b00000| Untracked 
|  16|0x00000000a2c00000, 0x00000000a2c00000, 0x00000000a2d00000|  0%| F|  |TAMS 0x00000000a2c00000, 0x00000000a2c00000| Untracked 
|  17|0x00000000a2d00000, 0x00000000a2d00000, 0x00000000a2e00000|  0%| F|  |TAMS 0x00000000a2d00000, 0x00000000a2d00000| Untracked 
|  18|0x00000000a2e00000, 0x00000000a2e00000, 0x00000000a2f00000|  0%| F|  |TAMS 0x00000000a2e00000, 0x00000000a2e00000| Untracked 
|  19|0x00000000a2f00000, 0x00000000a2f00000, 0x00000000a3000000|  0%| F|  |TAMS 0x00000000a2f00000, 0x00000000a2f00000| Untracked 
|  20|0x00000000a3000000, 0x00000000a3000000, 0x00000000a3100000|  0%| F|  |TAMS 0x00000000a3000000, 0x00000000a3000000| Untracked 
|  21|0x00000000a3100000, 0x00000000a3100000, 0x00000000a3200000|  0%| F|  |TAMS 0x00000000a3100000, 0x00000000a3100000| Untracked 
|  22|0x00000000a3200000, 0x00000000a3200000, 0x00000000a3300000|  0%| F|  |TAMS 0x00000000a3200000, 0x00000000a3200000| Untracked 
|  23|0x00000000a3300000, 0x00000000a3300000, 0x00000000a3400000|  0%| F|  |TAMS 0x00000000a3300000, 0x00000000a3300000| Untracked 
|  24|0x00000000a3400000, 0x00000000a3400000, 0x00000000a3500000|  0%| F|  |TAMS 0x00000000a3400000, 0x00000000a3400000| Untracked 
|  25|0x00000000a3500000, 0x00000000a3500000, 0x00000000a3600000|  0%| F|  |TAMS 0x00000000a3500000, 0x00000000a3500000| Untracked 
|  26|0x00000000a3600000, 0x00000000a3600000, 0x00000000a3700000|  0%| F|  |TAMS 0x00000000a3600000, 0x00000000a3600000| Untracked 
|  27|0x00000000a3700000, 0x00000000a3700000, 0x00000000a3800000|  0%| F|  |TAMS 0x00000000a3700000, 0x00000000a3700000| Untracked 
|  28|0x00000000a3800000, 0x00000000a3800000, 0x00000000a3900000|  0%| F|  |TAMS 0x00000000a3800000, 0x00000000a3800000| Untracked 
|  29|0x00000000a3900000, 0x00000000a3900000, 0x00000000a3a00000|  0%| F|  |TAMS 0x00000000a3900000, 0x00000000a3900000| Untracked 
|  30|0x00000000a3a00000, 0x00000000a3a00000, 0x00000000a3b00000|  0%| F|  |TAMS 0x00000000a3a00000, 0x00000000a3a00000| Untracked 
|  31|0x00000000a3b00000, 0x00000000a3b00000, 0x00000000a3c00000|  0%| F|  |TAMS 0x00000000a3b00000, 0x00000000a3b00000| Untracked 
|  32|0x00000000a3c00000, 0x00000000a3c00000, 0x00000000a3d00000|  0%| F|  |TAMS 0x00000000a3c00000, 0x00000000a3c00000| Untracked 
|  33|0x00000000a3d00000, 0x00000000a3d00000, 0x00000000a3e00000|  0%| F|  |TAMS 0x00000000a3d00000, 0x00000000a3d00000| Untracked 
|  34|0x00000000a3e00000, 0x00000000a3e00000, 0x00000000a3f00000|  0%| F|  |TAMS 0x00000000a3e00000, 0x00000000a3e00000| Untracked 
|  35|0x00000000a3f00000, 0x00000000a3f00000, 0x00000000a4000000|  0%| F|  |TAMS 0x00000000a3f00000, 0x00000000a3f00000| Untracked 
|  36|0x00000000a4000000, 0x00000000a4000000, 0x00000000a4100000|  0%| F|  |TAMS 0x00000000a4000000, 0x00000000a4000000| Untracked 
|  37|0x00000000a4100000, 0x00000000a4100000, 0x00000000a4200000|  0%| F|  |TAMS 0x00000000a4100000, 0x00000000a4100000| Untracked 
|  38|0x00000000a4200000, 0x00000000a4200000, 0x00000000a4300000|  0%| F|  |TAMS 0x00000000a4200000, 0x00000000a4200000| Untracked 
|  39|0x00000000a4300000, 0x00000000a4300000, 0x00000000a4400000|  0%| F|  |TAMS 0x00000000a4300000, 0x00000000a4300000| Untracked 
|  40|0x00000000a4400000, 0x00000000a4400000, 0x00000000a4500000|  0%| F|  |TAMS 0x00000000a4400000, 0x00000000a4400000| Untracked 
|  41|0x00000000a4500000, 0x00000000a4500000, 0x00000000a4600000|  0%| F|  |TAMS 0x00000000a4500000, 0x00000000a4500000| Untracked 
|  42|0x00000000a4600000, 0x00000000a4600000, 0x00000000a4700000|  0%| F|  |TAMS 0x00000000a4600000, 0x00000000a4600000| Untracked 
|  43|0x00000000a4700000, 0x00000000a4700000, 0x00000000a4800000|  0%| F|  |TAMS 0x00000000a4700000, 0x00000000a4700000| Untracked 
|  44|0x00000000a4800000, 0x00000000a4800000, 0x00000000a4900000|  0%| F|  |TAMS 0x00000000a4800000, 0x00000000a4800000| Untracked 
|  45|0x00000000a4900000, 0x00000000a4900000, 0x00000000a4a00000|  0%| F|  |TAMS 0x00000000a4900000, 0x00000000a4900000| Untracked 
|  46|0x00000000a4a00000, 0x00000000a4a00000, 0x00000000a4b00000|  0%| F|  |TAMS 0x00000000a4a00000, 0x00000000a4a00000| Untracked 
|  47|0x00000000a4b00000, 0x00000000a4b00000, 0x00000000a4c00000|  0%| F|  |TAMS 0x00000000a4b00000, 0x00000000a4b00000| Untracked 
|  48|0x00000000a4c00000, 0x00000000a4c00000, 0x00000000a4d00000|  0%| F|  |TAMS 0x00000000a4c00000, 0x00000000a4c00000| Untracked 
|  49|0x00000000a4d00000, 0x00000000a4d00000, 0x00000000a4e00000|  0%| F|  |TAMS 0x00000000a4d00000, 0x00000000a4d00000| Untracked 
|  50|0x00000000a4e00000, 0x00000000a4e00000, 0x00000000a4f00000|  0%| F|  |TAMS 0x00000000a4e00000, 0x00000000a4e00000| Untracked 
|  51|0x00000000a4f00000, 0x00000000a4f00000, 0x00000000a5000000|  0%| F|  |TAMS 0x00000000a4f00000, 0x00000000a4f00000| Untracked 
|  52|0x00000000a5000000, 0x00000000a5000000, 0x00000000a5100000|  0%| F|  |TAMS 0x00000000a5000000, 0x00000000a5000000| Untracked 
|  53|0x00000000a5100000, 0x00000000a5100000, 0x00000000a5200000|  0%| F|  |TAMS 0x00000000a5100000, 0x00000000a5100000| Untracked 
|  54|0x00000000a5200000, 0x00000000a5200000, 0x00000000a5300000|  0%| F|  |TAMS 0x00000000a5200000, 0x00000000a5200000| Untracked 
|  55|0x00000000a5300000, 0x00000000a5300000, 0x00000000a5400000|  0%| F|  |TAMS 0x00000000a5300000, 0x00000000a5300000| Untracked 
|  56|0x00000000a5400000, 0x00000000a5400000, 0x00000000a5500000|  0%| F|  |TAMS 0x00000000a5400000, 0x00000000a5400000| Untracked 
|  57|0x00000000a5500000, 0x00000000a5500000, 0x00000000a5600000|  0%| F|  |TAMS 0x00000000a5500000, 0x00000000a5500000| Untracked 
|  58|0x00000000a5600000, 0x00000000a5600000, 0x00000000a5700000|  0%| F|  |TAMS 0x00000000a5600000, 0x00000000a5600000| Untracked 
|  59|0x00000000a5700000, 0x00000000a5700000, 0x00000000a5800000|  0%| F|  |TAMS 0x00000000a5700000, 0x00000000a5700000| Untracked 
|  60|0x00000000a5800000, 0x00000000a5800000, 0x00000000a5900000|  0%| F|  |TAMS 0x00000000a5800000, 0x00000000a5800000| Untracked 
|  61|0x00000000a5900000, 0x00000000a5900000, 0x00000000a5a00000|  0%| F|  |TAMS 0x00000000a5900000, 0x00000000a5900000| Untracked 
|  62|0x00000000a5a00000, 0x00000000a5a00000, 0x00000000a5b00000|  0%| F|  |TAMS 0x00000000a5a00000, 0x00000000a5a00000| Untracked 
|  63|0x00000000a5b00000, 0x00000000a5b00000, 0x00000000a5c00000|  0%| F|  |TAMS 0x00000000a5b00000, 0x00000000a5b00000| Untracked 
|  64|0x00000000a5c00000, 0x00000000a5c00000, 0x00000000a5d00000|  0%| F|  |TAMS 0x00000000a5c00000, 0x00000000a5c00000| Untracked 
|  65|0x00000000a5d00000, 0x00000000a5d00000, 0x00000000a5e00000|  0%| F|  |TAMS 0x00000000a5d00000, 0x00000000a5d00000| Untracked 
|  66|0x00000000a5e00000, 0x00000000a5e00000, 0x00000000a5f00000|  0%| F|  |TAMS 0x00000000a5e00000, 0x00000000a5e00000| Untracked 
|  67|0x00000000a5f00000, 0x00000000a5f00000, 0x00000000a6000000|  0%| F|  |TAMS 0x00000000a5f00000, 0x00000000a5f00000| Untracked 
|  68|0x00000000a6000000, 0x00000000a6000000, 0x00000000a6100000|  0%| F|  |TAMS 0x00000000a6000000, 0x00000000a6000000| Untracked 
|  69|0x00000000a6100000, 0x00000000a6100000, 0x00000000a6200000|  0%| F|  |TAMS 0x00000000a6100000, 0x00000000a6100000| Untracked 
|  70|0x00000000a6200000, 0x00000000a6200000, 0x00000000a6300000|  0%| F|  |TAMS 0x00000000a6200000, 0x00000000a6200000| Untracked 
|  71|0x00000000a6300000, 0x00000000a6300000, 0x00000000a6400000|  0%| F|  |TAMS 0x00000000a6300000, 0x00000000a6300000| Untracked 
|  72|0x00000000a6400000, 0x00000000a6400000, 0x00000000a6500000|  0%| F|  |TAMS 0x00000000a6400000, 0x00000000a6400000| Untracked 
|  73|0x00000000a6500000, 0x00000000a6500000, 0x00000000a6600000|  0%| F|  |TAMS 0x00000000a6500000, 0x00000000a6500000| Untracked 
|  74|0x00000000a6600000, 0x00000000a6600000, 0x00000000a6700000|  0%| F|  |TAMS 0x00000000a6600000, 0x00000000a6600000| Untracked 
|  75|0x00000000a6700000, 0x00000000a6700000, 0x00000000a6800000|  0%| F|  |TAMS 0x00000000a6700000, 0x00000000a6700000| Untracked 
|  76|0x00000000a6800000, 0x00000000a6800000, 0x00000000a6900000|  0%| F|  |TAMS 0x00000000a6800000, 0x00000000a6800000| Untracked 
|  77|0x00000000a6900000, 0x00000000a6900000, 0x00000000a6a00000|  0%| F|  |TAMS 0x00000000a6900000, 0x00000000a6900000| Untracked 
|  78|0x00000000a6a00000, 0x00000000a6a00000, 0x00000000a6b00000|  0%| F|  |TAMS 0x00000000a6a00000, 0x00000000a6a00000| Untracked 
|  79|0x00000000a6b00000, 0x00000000a6b00000, 0x00000000a6c00000|  0%| F|  |TAMS 0x00000000a6b00000, 0x00000000a6b00000| Untracked 
|  80|0x00000000a6c00000, 0x00000000a6c00000, 0x00000000a6d00000|  0%| F|  |TAMS 0x00000000a6c00000, 0x00000000a6c00000| Untracked 
|  81|0x00000000a6d00000, 0x00000000a6d00000, 0x00000000a6e00000|  0%| F|  |TAMS 0x00000000a6d00000, 0x00000000a6d00000| Untracked 
|  82|0x00000000a6e00000, 0x00000000a6e00000, 0x00000000a6f00000|  0%| F|  |TAMS 0x00000000a6e00000, 0x00000000a6e00000| Untracked 
|  83|0x00000000a6f00000, 0x00000000a6f00000, 0x00000000a7000000|  0%| F|  |TAMS 0x00000000a6f00000, 0x00000000a6f00000| Untracked 
|  84|0x00000000a7000000, 0x00000000a7043118, 0x00000000a7100000| 26%| E|  |TAMS 0x00000000a7000000, 0x00000000a7000000| Complete 
|  85|0x00000000a7100000, 0x00000000a7200000, 0x00000000a7200000|100%| E|CS|TAMS 0x00000000a7100000, 0x00000000a7100000| Complete 
|  86|0x00000000a7200000, 0x00000000a7300000, 0x00000000a7300000|100%| E|CS|TAMS 0x00000000a7200000, 0x00000000a7200000| Complete 
|  87|0x00000000a7300000, 0x00000000a7400000, 0x00000000a7400000|100%| E|CS|TAMS 0x00000000a7300000, 0x00000000a7300000| Complete 
|  88|0x00000000a7400000, 0x00000000a7500000, 0x00000000a7500000|100%| E|CS|TAMS 0x00000000a7400000, 0x00000000a7400000| Complete 
|  89|0x00000000a7500000, 0x00000000a7600000, 0x00000000a7600000|100%| E|CS|TAMS 0x00000000a7500000, 0x00000000a7500000| Complete 
|  90|0x00000000a7600000, 0x00000000a7700000, 0x00000000a7700000|100%| E|CS|TAMS 0x00000000a7600000, 0x00000000a7600000| Complete 
|  91|0x00000000a7700000, 0x00000000a7800000, 0x00000000a7800000|100%| E|CS|TAMS 0x00000000a7700000, 0x00000000a7700000| Complete 
|  92|0x00000000a7800000, 0x00000000a7900000, 0x00000000a7900000|100%| E|CS|TAMS 0x00000000a7800000, 0x00000000a7800000| Complete 
|  93|0x00000000a7900000, 0x00000000a7a00000, 0x00000000a7a00000|100%| E|CS|TAMS 0x00000000a7900000, 0x00000000a7900000| Complete 
|  94|0x00000000a7a00000, 0x00000000a7b00000, 0x00000000a7b00000|100%| E|CS|TAMS 0x00000000a7a00000, 0x00000000a7a00000| Complete 
|  95|0x00000000a7b00000, 0x00000000a7c00000, 0x00000000a7c00000|100%| E|CS|TAMS 0x00000000a7b00000, 0x00000000a7b00000| Complete 

Card table byte_map: [0x00000265fcb20000,0x00000265fce20000] _byte_map_base: 0x00000265fc612000

Marking Bits (Prev, Next): (CMBitMap*) 0x00000265f4f36f60, (CMBitMap*) 0x00000265f4f36fa0
 Prev Bits: [0x00000265fd120000, 0x00000265fe8b0000)
 Next Bits: [0x000002658f000000, 0x0000026590790000)

Polling page: 0x00000265f2dc0000

Metaspace:

Usage:
  Non-class:      6.27 MB used.
      Class:    745.20 KB used.
       Both:      7.00 MB used.

Virtual space:
  Non-class space:       64.00 MB reserved,       6.38 MB ( 10%) committed,  1 nodes.
      Class space:        1.00 GB reserved,     832.00 KB ( <1%) committed,  1 nodes.
             Both:        1.06 GB reserved,       7.19 MB ( <1%) committed. 

Chunk freelists:
   Non-Class:  1018.00 KB
       Class:  3.23 MB
        Both:  4.23 MB

MaxMetaspaceSize: unlimited
CompressedClassSpaceSize: 1.00 GB
Initial GC threshold: 21.00 MB
Current GC threshold: 21.00 MB
CDS: on
MetaspaceReclaimPolicy: balanced
 - commit_granule_bytes: 65536.
 - commit_granule_words: 8192.
 - virtual_space_node_default_size: 8388608.
 - enlarge_chunks_in_place: 1.
 - new_chunks_are_fully_committed: 0.
 - uncommit_free_chunks: 1.
 - use_allocation_guard: 0.


Internal statistics:

num_allocs_failed_limit: 0.
num_arena_births: 126.
num_arena_deaths: 0.
num_vsnodes_births: 2.
num_vsnodes_deaths: 0.
num_space_committed: 115.
num_space_uncommitted: 0.
num_chunks_returned_to_freelist: 0.
num_chunks_taken_from_freelist: 182.
num_chunk_merges: 0.
num_chunk_splits: 98.
num_chunks_enlarged: 24.
num_inconsistent_stats: 0.

CodeHeap 'non-profiled nmethods': size=120000Kb used=390Kb max_used=390Kb free=119609Kb
 bounds [0x0000026587ad0000, 0x0000026587d40000, 0x000002658f000000]
CodeHeap 'profiled nmethods': size=120000Kb used=1510Kb max_used=1510Kb free=118489Kb
 bounds [0x00000265805a0000, 0x0000026580810000, 0x0000026587ad0000]
CodeHeap 'non-nmethods': size=5760Kb used=1292Kb max_used=1336Kb free=4467Kb
 bounds [0x0000026580000000, 0x0000026580270000, 0x00000265805a0000]
 total_blobs=1592 nmethods=980 adapters=525
 compilation: enabled
              stopped_count=0, restarted_count=0
 full_count=0

Compilation events (20 events):
Event: 74.390 Thread 0x00000265fed31600 nmethod 971 0x0000026580716d90 code [0x0000026580716fc0, 0x0000026580717898]
Event: 74.390 Thread 0x00000265fed31600  972  s    3       java.awt.KeyboardFocusManager::getMostRecentFocusOwner (29 bytes)
Event: 74.390 Thread 0x00000265fed31600 nmethod 972 0x0000026580717c10 code [0x0000026580717de0, 0x0000026580718388]
Event: 74.390 Thread 0x00000265fed31600  973       3       javax.swing.JComponent::removeNotify (55 bytes)
Event: 74.392 Thread 0x00000265fed31600 nmethod 973 0x0000026580718490 code [0x00000265807186e0, 0x0000026580718ff8]
Event: 78.536 Thread 0x00000265fed30d10  974       4       java.security.ProtectionDomain$JavaSecurityAccessImpl::getCombinedACC (30 bytes)
Event: 78.545 Thread 0x00000265fed30d10 nmethod 974 0x0000026587b26b90 code [0x0000026587b26d60, 0x0000026587b270d0]
Event: 78.584 Thread 0x00000265fed30d10  975   !   4       java.awt.EventQueue::postEventPrivate (104 bytes)
Event: 78.693 Thread 0x00000265fed30d10 nmethod 975 0x0000026587b27490 code [0x0000026587b277a0, 0x0000026587b2a2e8]
Event: 79.022 Thread 0x00000265fed31600  976       3       java.beans.PropertyChangeEvent::<init> (22 bytes)
Event: 79.022 Thread 0x00000265fed31600 nmethod 976 0x0000026580719310 code [0x00000265807194e0, 0x0000026580719928]
Event: 80.744 Thread 0x00000265fed30d10  977   !   4       java.awt.EventQueue::setCurrentEventAndMostRecentTimeImpl (191 bytes)
Event: 80.758 Thread 0x00000265fed30d10 nmethod 977 0x0000026587b2b810 code [0x0000026587b2b9e0, 0x0000026587b2c138]
Event: 80.969 Thread 0x00000265fed30d10  978       4       java.awt.EventQueue::dispatchEvent (80 bytes)
Event: 81.067 Thread 0x00000265fed30d10 nmethod 978 0x0000026587b2c610 code [0x0000026587b2ca00, 0x0000026587b2f050]
Event: 81.068 Thread 0x00000265fed30d10  979       4       java.awt.EventQueue::getAccessControlContextFrom (53 bytes)
Event: 81.069 Thread 0x00000265fed30d10 nmethod 979 0x0000026587b30f90 code [0x0000026587b31120, 0x0000026587b311d8]
Event: 83.087 Thread 0x00000265fed30d10  980   !   4       java.awt.EventDispatchThread::filterAndCheckEvent (108 bytes)
Event: 83.092 Thread 0x00000265fed30d10 nmethod 980 0x0000026587b31310 code [0x0000026587b314a0, 0x0000026587b317f8]
Event: 83.092 Thread 0x00000265fed30d10  981   !   4       java.awt.EventDispatchThread::pumpOneEventForFilters (113 bytes)

GC Heap History (0 events):
No events

Deoptimization events (20 events):
Event: 0.390 Thread 0x0000026596bfc260 DEOPT PACKING pc=0x0000026580651734 sp=0x000000cec50ff1b0
Event: 0.390 Thread 0x0000026596bfc260 DEOPT UNPACKING pc=0x0000026580052b43 sp=0x000000cec50fe650 mode 0
Event: 0.390 Thread 0x0000026596bfc260 DEOPT PACKING pc=0x0000026580651734 sp=0x000000cec50ff1b0
Event: 0.390 Thread 0x0000026596bfc260 DEOPT UNPACKING pc=0x0000026580052b43 sp=0x000000cec50fe650 mode 0
Event: 0.391 Thread 0x0000026596bfc260 DEOPT PACKING pc=0x0000026580651734 sp=0x000000cec50ff1b0
Event: 0.391 Thread 0x0000026596bfc260 DEOPT UNPACKING pc=0x0000026580052b43 sp=0x000000cec50fe650 mode 0
Event: 0.391 Thread 0x0000026596bfc260 DEOPT PACKING pc=0x0000026580651734 sp=0x000000cec50ff1b0
Event: 0.391 Thread 0x0000026596bfc260 DEOPT UNPACKING pc=0x0000026580052b43 sp=0x000000cec50fe650 mode 0
Event: 0.391 Thread 0x0000026596bfc260 DEOPT PACKING pc=0x0000026580651734 sp=0x000000cec50ff1b0
Event: 0.391 Thread 0x0000026596bfc260 DEOPT UNPACKING pc=0x0000026580052b43 sp=0x000000cec50fe650 mode 0
Event: 0.392 Thread 0x0000026596bfc260 DEOPT PACKING pc=0x0000026580651734 sp=0x000000cec50ff1b0
Event: 0.392 Thread 0x0000026596bfc260 DEOPT UNPACKING pc=0x0000026580052b43 sp=0x000000cec50fe650 mode 0
Event: 0.392 Thread 0x0000026596bfc260 DEOPT PACKING pc=0x0000026580651734 sp=0x000000cec50ff070
Event: 0.392 Thread 0x0000026596bfc260 DEOPT UNPACKING pc=0x0000026580052b43 sp=0x000000cec50fe4e0 mode 0
Event: 0.392 Thread 0x0000026596bfc260 DEOPT PACKING pc=0x0000026580651734 sp=0x000000cec50ff070
Event: 0.392 Thread 0x0000026596bfc260 DEOPT UNPACKING pc=0x0000026580052b43 sp=0x000000cec50fe4e0 mode 0
Event: 7.351 Thread 0x0000026596c2f640 Uncommon trap: trap_request=0xffffff45 fr.pc=0x0000026587b0c8a0 relative=0x0000000000000080
Event: 7.351 Thread 0x0000026596c2f640 Uncommon trap: reason=unstable_if action=reinterpret pc=0x0000026587b0c8a0 method=java.util.concurrent.locks.AbstractQueuedSynchronizer.signalNext(Ljava/util/concurrent/locks/AbstractQueuedSynchronizer$Node;)V @ 17 c2
Event: 7.351 Thread 0x0000026596c2f640 DEOPT PACKING pc=0x0000026587b0c8a0 sp=0x000000cec51ff2c0
Event: 7.351 Thread 0x0000026596c2f640 DEOPT UNPACKING pc=0x00000265800523a3 sp=0x000000cec51ff250 mode 2

Classes loaded (20 events):
Event: 2.776 Loading class java/awt/event/WindowStateListener
Event: 2.776 Loading class java/awt/event/WindowStateListener done
Event: 2.776 Loading class java/awt/event/ItemListener
Event: 2.776 Loading class java/awt/event/ItemListener done
Event: 2.776 Loading class java/awt/event/AdjustmentListener
Event: 2.776 Loading class java/awt/event/AdjustmentListener done
Event: 2.776 Loading class java/awt/event/TextListener
Event: 2.776 Loading class java/awt/event/TextListener done
Event: 2.776 Loading class java/awt/event/HierarchyBoundsListener
Event: 2.776 Loading class java/awt/event/HierarchyBoundsListener done
Event: 2.776 Loading class java/awt/event/MouseWheelListener
Event: 2.777 Loading class java/awt/event/MouseWheelListener done
Event: 2.777 Loading class java/awt/AWTEventMulticaster done
Event: 2.777 Loading class java/awt/Toolkit$ToolkitEventMulticaster done
Event: 2.793 Loading class sun/awt/windows/WComponentPeer$2
Event: 2.793 Loading class sun/awt/windows/WComponentPeer$2 done
Event: 2.793 Loading class javax/swing/RepaintManager$2
Event: 2.794 Loading class javax/swing/RepaintManager$2 done
Event: 2.819 Loading class javax/swing/RepaintManager$2$1
Event: 2.819 Loading class javax/swing/RepaintManager$2$1 done

Classes unloaded (0 events):
No events

Classes redefined (0 events):
No events

Internal exceptions (13 events):
Event: 0.137 Thread 0x00000265f4ee4c40 Exception <a 'java/lang/ClassNotFoundException'{0x00000000a7a5f358}: sun/awt/resources/spi/awtProvider> (0x00000000a7a5f358) 
thrown [s\open\src\hotspot\share\classfile\systemDictionary.cpp, line 255]
Event: 0.170 Thread 0x00000265f4ee4c40 Exception <a 'java/io/FileNotFoundException'{0x00000000a7ab48d0}> (0x00000000a7ab48d0) 
thrown [s\open\src\hotspot\share\prims\jni.cpp, line 516]
Event: 0.184 Thread 0x00000265f4ee4c40 Exception <a 'java/io/FileNotFoundException'{0x00000000a7ae1ad0}> (0x00000000a7ae1ad0) 
thrown [s\open\src\hotspot\share\prims\jni.cpp, line 516]
Event: 0.225 Thread 0x00000265f4ee4c40 Exception <a 'java/lang/NoSuchMethodError'{0x00000000a7918bf8}: 'java.lang.Object java.lang.invoke.DirectMethodHandle$Holder.invokeStaticInit(java.lang.Object)'> (0x00000000a7918bf8) 
thrown [s\open\src\hotspot\share\interpreter\linkResolver.cpp, line 759]
Event: 0.286 Thread 0x00000265969d4040 Exception <a 'java/lang/NoSuchMethodError'{0x00000000a780aed8}: 'void java.lang.invoke.DirectMethodHandle$Holder.invokeSpecial(java.lang.Object, java.lang.Object, java.lang.Object)'> (0x00000000a780aed8) 
thrown [s\open\src\hotspot\share\interpreter\linkResolver.cpp, line 759]
Event: 0.296 Thread 0x00000265969d4040 Exception <a 'java/lang/NoSuchMethodError'{0x00000000a7835f90}: 'java.lang.Object java.lang.invoke.DirectMethodHandle$Holder.newInvokeSpecial(java.lang.Object, java.lang.Object, java.lang.Object, java.lang.Object, java.lang.Object)'> (0x00000000a7835f90) 
thrown [s\open\src\hotspot\share\interpreter\linkResolver.cpp, line 759]
Event: 0.305 Thread 0x00000265969d4040 Exception <a 'java/lang/NoSuchMethodError'{0x00000000a7867ce8}: 'java.lang.Object java.lang.invoke.DirectMethodHandle$Holder.invokeStatic(java.lang.Object, int, java.lang.Object)'> (0x00000000a7867ce8) 
thrown [s\open\src\hotspot\share\interpreter\linkResolver.cpp, line 759]
Event: 0.340 Thread 0x00000265969d4040 Exception <a 'java/lang/ClassNotFoundException'{0x00000000a7725118}: com/sun/swing/internal/plaf/metal/resources/spi/metalProvider> (0x00000000a7725118) 
thrown [s\open\src\hotspot\share\classfile\systemDictionary.cpp, line 255]
Event: 0.341 Thread 0x00000265969d4040 Exception <a 'java/lang/ClassNotFoundException'{0x00000000a7729130}: com/sun/swing/internal/plaf/basic/resources/spi/basicProvider> (0x00000000a7729130) 
thrown [s\open\src\hotspot\share\classfile\systemDictionary.cpp, line 255]
Event: 0.354 Thread 0x00000265969d4040 Exception <a 'java/lang/NoSuchMethodError'{0x00000000a7749d30}: 'int java.lang.invoke.Invokers$Holder.invokeExact_MT(java.lang.Object, java.lang.Object)'> (0x00000000a7749d30) 
thrown [s\open\src\hotspot\share\interpreter\linkResolver.cpp, line 759]
Event: 0.363 Thread 0x0000026596bfc260 Exception <a 'java/lang/NoSuchMethodError'{0x00000000a7796938}: 'java.lang.Object java.lang.invoke.DirectMethodHandle$Holder.newInvokeSpecial(java.lang.Object, java.lang.Object, java.lang.Object, int, int, int, int, int)'> (0x00000000a7796938) 
thrown [s\open\src\hotspot\share\interpreter\linkResolver.cpp, line 759]
Event: 0.458 Thread 0x00000265969d4040 Exception <a 'java/lang/NoSuchMethodError'{0x00000000a777c700}: 'void java.lang.invoke.DirectMethodHandle$Holder.invokeStaticInit(java.lang.Object)'> (0x00000000a777c700) 
thrown [s\open\src\hotspot\share\interpreter\linkResolver.cpp, line 759]
Event: 2.792 Thread 0x00000265969d2140 Exception <a 'java/lang/NoSuchMethodError'{0x00000000a795a340}: 'void java.lang.invoke.DirectMethodHandle$Holder.invokeVirtual(java.lang.Object, java.lang.Object)'> (0x00000000a795a340) 
thrown [s\open\src\hotspot\share\interpreter\linkResolver.cpp, line 759]

VM Operations (20 events):
Event: 8.615 Executing VM operation: Cleanup
Event: 8.615 Executing VM operation: Cleanup done
Event: 10.637 Executing VM operation: Cleanup
Event: 10.637 Executing VM operation: Cleanup done
Event: 13.655 Executing VM operation: Cleanup
Event: 13.655 Executing VM operation: Cleanup done
Event: 14.670 Executing VM operation: Cleanup
Event: 14.670 Executing VM operation: Cleanup done
Event: 26.747 Executing VM operation: Cleanup
Event: 26.747 Executing VM operation: Cleanup done
Event: 28.761 Executing VM operation: Cleanup
Event: 28.761 Executing VM operation: Cleanup done
Event: 42.843 Executing VM operation: Cleanup
Event: 42.843 Executing VM operation: Cleanup done
Event: 65.056 Executing VM operation: Cleanup
Event: 65.057 Executing VM operation: Cleanup done
Event: 70.081 Executing VM operation: Cleanup
Event: 70.081 Executing VM operation: Cleanup done
Event: 82.158 Executing VM operation: Cleanup
Event: 82.158 Executing VM operation: Cleanup done

Events (20 events):
Event: 0.054 Thread 0x00000265fed31600 Thread added: 0x00000265fed31600
Event: 0.054 Thread 0x00000265fed446c0 Thread added: 0x00000265fed446c0
Event: 0.081 Thread 0x0000026596972700 Thread added: 0x0000026596972700
Event: 0.084 Thread 0x0000026596974ff0 Thread added: 0x0000026596974ff0
Event: 0.110 Loaded shared library C:\Program Files\Java\jdk-18.0.2.1\bin\jimage.dll
Event: 0.120 Loaded shared library C:\Program Files\Java\jdk-18.0.2.1\bin\net.dll
Event: 0.122 Loaded shared library C:\Program Files\Java\jdk-18.0.2.1\bin\nio.dll
Event: 0.129 Loaded shared library C:\Program Files\Java\jdk-18.0.2.1\bin\zip.dll
Event: 0.150 Loaded shared library C:\Program Files\Java\jdk-18.0.2.1\bin\awt.dll
Event: 0.227 Thread 0x00000265969d17c0 Thread added: 0x00000265969d17c0
Event: 0.228 Thread 0x00000265969d1c80 Thread added: 0x00000265969d1c80
Event: 0.230 Thread 0x00000265969d2140 Thread added: 0x00000265969d2140
Event: 0.245 Thread 0x00000265969d4040 Thread added: 0x00000265969d4040
Event: 0.245 Thread 0x00000265f4ee4c40 Thread exited: 0x00000265f4ee4c40
Event: 0.245 Thread 0x00000265f4ee4c40 Thread added: 0x00000265f4ee4c40
Event: 0.360 Thread 0x0000026596bfc260 Thread added: 0x0000026596bfc260
Event: 0.427 Thread 0x0000026596c2f640 Thread added: 0x0000026596c2f640
Event: 0.464 Loaded shared library C:\Program Files\Java\jdk-18.0.2.1\bin\freetype.dll
Event: 0.465 Loaded shared library C:\Program Files\Java\jdk-18.0.2.1\bin\fontmanager.dll
Event: 5.428 Thread 0x0000026596bfc260 Thread exited: 0x0000026596bfc260


Dynamic libraries:
0x00007ff6a2560000 - 0x00007ff6a2570000 	C:\Program Files\Java\jdk-18.0.2.1\bin\javaw.exe
0x00007ffac9730000 - 0x00007ffac9928000 	C:\Windows\SYSTEM32\ntdll.dll
0x00007ffac8670000 - 0x00007ffac872d000 	C:\Windows\System32\KERNEL32.DLL
0x00007ffac6df0000 - 0x00007ffac70e6000 	C:\Windows\System32\KERNELBASE.dll
0x00007ffac7590000 - 0x00007ffac7690000 	C:\Windows\System32\ucrtbase.dll
0x00007ffac25a0000 - 0x00007ffac25ba000 	C:\Program Files\Java\jdk-18.0.2.1\bin\VCRUNTIME140.dll
0x00007ffac24e0000 - 0x00007ffac24f8000 	C:\Program Files\Java\jdk-18.0.2.1\bin\jli.dll
0x00007ffac87a0000 - 0x00007ffac8853000 	C:\Windows\System32\ADVAPI32.dll
0x00007ffac94a0000 - 0x00007ffac953e000 	C:\Windows\System32\msvcrt.dll
0x00007ffac9400000 - 0x00007ffac949f000 	C:\Windows\System32\sechost.dll
0x00007ffac7d90000 - 0x00007ffac7eb6000 	C:\Windows\System32\RPCRT4.dll
0x00007ffac71b0000 - 0x00007ffac71d7000 	C:\Windows\System32\bcrypt.dll
0x00007ffac9240000 - 0x00007ffac93de000 	C:\Windows\System32\USER32.dll
0x00007ffac7690000 - 0x00007ffac76b2000 	C:\Windows\System32\win32u.dll
0x00007ffab7910000 - 0x00007ffab7baa000 	C:\Windows\WinSxS\amd64_microsoft.windows.common-controls_6595b64144ccf1df_6.0.19041.3636_none_60b6a03d71f818d5\COMCTL32.dll
0x00007ffac7d60000 - 0x00007ffac7d8b000 	C:\Windows\System32\GDI32.dll
0x00007ffac7470000 - 0x00007ffac7587000 	C:\Windows\System32\gdi32full.dll
0x00007ffac73d0000 - 0x00007ffac746d000 	C:\Windows\System32\msvcp_win.dll
0x00007ffab63a0000 - 0x00007ffab63aa000 	C:\Windows\SYSTEM32\VERSION.dll
0x00007ffac7920000 - 0x00007ffac7952000 	C:\Windows\System32\IMM32.DLL
0x00007ffac2590000 - 0x00007ffac259c000 	C:\Program Files\Java\jdk-18.0.2.1\bin\vcruntime140_1.dll
0x00007ffabfaf0000 - 0x00007ffabfb7d000 	C:\Program Files\Java\jdk-18.0.2.1\bin\msvcp140.dll
0x00007ffa86e40000 - 0x00007ffa87a51000 	C:\Program Files\Java\jdk-18.0.2.1\bin\server\jvm.dll
0x00007ffac8bc0000 - 0x00007ffac8bc8000 	C:\Windows\System32\PSAPI.DLL
0x00007ffab68a0000 - 0x00007ffab68c7000 	C:\Windows\SYSTEM32\WINMM.dll
0x00007ffac2520000 - 0x00007ffac2529000 	C:\Windows\SYSTEM32\WSOCK32.dll
0x00007ffac8730000 - 0x00007ffac879b000 	C:\Windows\System32\ws2_32.DLL
0x00007ffac5680000 - 0x00007ffac5692000 	C:\Windows\SYSTEM32\kernel.appcore.dll
0x00007ffac1660000 - 0x00007ffac166a000 	C:\Program Files\Java\jdk-18.0.2.1\bin\jimage.dll
0x00007ffac5350000 - 0x00007ffac5534000 	C:\Windows\SYSTEM32\DBGHELP.DLL
0x00007ffab6420000 - 0x00007ffab6454000 	C:\Windows\SYSTEM32\dbgcore.DLL
0x00007ffac71e0000 - 0x00007ffac7262000 	C:\Windows\System32\bcryptPrimitives.dll
0x00007ffac0a40000 - 0x00007ffac0a65000 	C:\Program Files\Java\jdk-18.0.2.1\bin\java.dll
0x00007ffaa0550000 - 0x00007ffaa0626000 	C:\Program Files\Java\jdk-18.0.2.1\bin\jsvml.dll
0x00007ffac7f20000 - 0x00007ffac8665000 	C:\Windows\System32\SHELL32.dll
0x00007ffac4ae0000 - 0x00007ffac527c000 	C:\Windows\SYSTEM32\windows.storage.dll
0x00007ffac8860000 - 0x00007ffac8bb4000 	C:\Windows\System32\combase.dll
0x00007ffac6820000 - 0x00007ffac684e000 	C:\Windows\SYSTEM32\Wldp.dll
0x00007ffac7aa0000 - 0x00007ffac7b6d000 	C:\Windows\System32\OLEAUT32.dll
0x00007ffac7810000 - 0x00007ffac78bd000 	C:\Windows\System32\SHCORE.dll
0x00007ffac7c50000 - 0x00007ffac7ca5000 	C:\Windows\System32\shlwapi.dll
0x00007ffac6d20000 - 0x00007ffac6d45000 	C:\Windows\SYSTEM32\profapi.dll
0x00007ffac0a20000 - 0x00007ffac0a33000 	C:\Program Files\Java\jdk-18.0.2.1\bin\net.dll
0x00007ffabed00000 - 0x00007ffabee0a000 	C:\Windows\SYSTEM32\WINHTTP.dll
0x00007ffac6580000 - 0x00007ffac65ea000 	C:\Windows\system32\mswsock.dll
0x00007ffabfaa0000 - 0x00007ffabfab6000 	C:\Program Files\Java\jdk-18.0.2.1\bin\nio.dll
0x00007ffabf7a0000 - 0x00007ffabf7b8000 	C:\Program Files\Java\jdk-18.0.2.1\bin\zip.dll
0x00007ffa9e990000 - 0x00007ffa9eb1f000 	C:\Program Files\Java\jdk-18.0.2.1\bin\awt.dll
0x00007ffac41d0000 - 0x00007ffac4260000 	C:\Windows\SYSTEM32\apphelp.dll
0x00007ffac43a0000 - 0x00007ffac443e000 	C:\Windows\system32\uxtheme.dll
0x00007ffac8bd0000 - 0x00007ffac8ce4000 	C:\Windows\System32\MSCTF.dll
0x00007ffac7960000 - 0x00007ffac7a8b000 	C:\Windows\System32\ole32.dll
0x00007ffac4580000 - 0x00007ffac45af000 	C:\Windows\system32\DWMAPI.DLL
0x00007ffa9e710000 - 0x00007ffa9e835000 	C:\Windows\system32\opengl32.dll
0x00007ffac2640000 - 0x00007ffac266c000 	C:\Windows\SYSTEM32\GLU32.dll
0x00007ffa9ee30000 - 0x00007ffa9eeb6000 	C:\Program Files\Java\jdk-18.0.2.1\bin\freetype.dll
0x00007ffa9ebf0000 - 0x00007ffa9ec98000 	C:\Program Files\Java\jdk-18.0.2.1\bin\fontmanager.dll
0x00007ffabb8a0000 - 0x00007ffabb999000 	C:\Windows\SYSTEM32\textinputframework.dll
0x00007ffac3b40000 - 0x00007ffac3e9b000 	C:\Windows\System32\CoreUIComponents.dll
0x00007ffac3ea0000 - 0x00007ffac3f92000 	C:\Windows\System32\CoreMessaging.dll
0x00007ffac5f60000 - 0x00007ffac5f93000 	C:\Windows\SYSTEM32\ntmarta.dll
0x00007ffac3470000 - 0x00007ffac35c5000 	C:\Windows\SYSTEM32\wintypes.dll

dbghelp: loaded successfully - version: 4.0.5 - missing functions: none
symbol engine: initialized successfully - sym options: 0x614 - pdb path: .;C:\Program Files\Java\jdk-18.0.2.1\bin;C:\Windows\SYSTEM32;C:\Windows\WinSxS\amd64_microsoft.windows.common-controls_6595b64144ccf1df_6.0.19041.3636_none_60b6a03d71f818d5;C:\Program Files\Java\jdk-18.0.2.1\bin\server

VM Arguments:
jvm_args: -Dfile.encoding=UTF-8 -Dstdout.encoding=UTF-8 -Dstderr.encoding=UTF-8 -XX:+ShowCodeDetailsInExceptionMessages 
java_command: ui.Intro_UI
java_class_path (initial): D:\JAVA\VPTCoffe_Nhom08\SoureCode\VPTCoffe_Nhom08\bin;D:\JAVA\VPTCoffe_Nhom08\SoureCode\VPTCoffe_Nhom08\src\lib\sqljdbc42.jar
Launcher Type: SUN_STANDARD

[Global flags]
     intx CICompilerCount                          = 3                                         {product} {ergonomic}
     uint ConcGCThreads                            = 1                                         {product} {ergonomic}
     uint G1ConcRefinementThreads                  = 4                                         {product} {ergonomic}
   size_t G1HeapRegionSize                         = 1048576                                   {product} {ergonomic}
    uintx GCDrainStackTargetSize                   = 64                                        {product} {ergonomic}
   size_t InitialHeapSize                          = 100663296                                 {product} {ergonomic}
   size_t MarkStackSize                            = 4194304                                   {product} {ergonomic}
   size_t MaxHeapSize                              = 1581252608                                {product} {ergonomic}
   size_t MaxNewSize                               = 947912704                                 {product} {ergonomic}
   size_t MinHeapDeltaBytes                        = 1048576                                   {product} {ergonomic}
   size_t MinHeapSize                              = 8388608                                   {product} {ergonomic}
    uintx NonNMethodCodeHeapSize                   = 5832780                                {pd product} {ergonomic}
    uintx NonProfiledCodeHeapSize                  = 122912730                              {pd product} {ergonomic}
    uintx ProfiledCodeHeapSize                     = 122912730                              {pd product} {ergonomic}
    uintx ReservedCodeCacheSize                    = 251658240                              {pd product} {ergonomic}
     bool SegmentedCodeCache                       = true                                      {product} {ergonomic}
     bool ShowCodeDetailsInExceptionMessages       = true                                   {manageable} {command line}
   size_t SoftMaxHeapSize                          = 1581252608                             {manageable} {ergonomic}
     bool UseCompressedClassPointers               = true                           {product lp64_product} {ergonomic}
     bool UseCompressedOops                        = true                           {product lp64_product} {ergonomic}
     bool UseG1GC                                  = true                                      {product} {ergonomic}
     bool UseLargePagesIndividualAllocation        = false                                  {pd product} {ergonomic}

Logging:
Log output configuration:
 #0: stdout all=warning uptime,level,tags foldmultilines=false
 #1: stderr all=off uptime,level,tags foldmultilines=false

Environment Variables:
PATH=C:\Program Files\Common Files\Oracle\Java\javapath;C:\Windows\system32;C:\Windows;C:\Windows\System32\Wbem;C:\Windows\System32\WindowsPowerShell\v1.0\;C:\Windows\System32\OpenSSH\;C:\Program Files\Git\cmd;C:\Program Files\Microsoft SQL Server\Client SDK\ODBC\170\Tools\Binn\;C:\Program Files (x86)\Microsoft SQL Server\150\Tools\Binn\;C:\Program Files\Microsoft SQL Server\150\Tools\Binn\;C:\Program Files\Microsoft SQL Server\150\DTS\Binn\;C:\Program Files\Azure Data Studio\bin;C:\Program Files (x86)\Microsoft SQL Server\160\DTS\Binn\;C:\Program Files\nodejs\;C:\Program Files\MongoDB\Server\7.0\bin;C:\Users\Administrator\AppData\Local\Programs\Python\Python310\Scripts\;C:\Users\Administrator\AppData\Local\Programs\Python\Python310\;C:\Users\Administrator\AppData\Local\Microsoft\WindowsApps;;C:\Users\Administrator\AppData\Local\Programs\Microsoft VS Code\bin;C:\Program Files\Azure Data Studio\bin;C:\Users\Administrator\AppData\Roaming\npm
USERNAME=Administrator
OS=Windows_NT
PROCESSOR_IDENTIFIER=Intel64 Family 6 Model 42 Stepping 7, GenuineIntel



---------------  S Y S T E M  ---------------

OS:
 Windows 10 , 64 bit Build 19041 (10.0.19041.3636)
OS uptime: 2 days 20:55 hours

CPU: total 4 (initial active 4) (2 cores per cpu, 2 threads per core) family 6 model 42 stepping 7 microcode 0x2f, cx8, cmov, fxsr, ht, mmx, sse, sse2, sse3, ssse3, sse4.1, sse4.2, popcnt, tsc, tscinvbit, avx, aes, clmul, vzeroupper, clflush

Memory: 4k page, system-wide physical 6027M (149M free)
TotalPageFile size 26507M (AvailPageFile size 0M)
current process WorkingSet (physical memory assigned to process): 71M, peak: 80M
current process commit charge ("private bytes"): 183M, peak: 196M

vm_info: Java HotSpot(TM) 64-Bit Server VM (18.0.2.1+1-1) for windows-amd64 JRE (18.0.2.1+1-1), built on Aug 16 2022 01:46:33 by "mach5one" with MS VC++ 16.8 / 16.9 (VS2019)

END.
